{"level":"info","message":"Server is running on port 5000","timestamp":"2025-03-29T04:48:33.596Z"}
{"level":"info","message":"Server is running on port 5000","timestamp":"2025-03-29T04:49:08.384Z"}
{"error":"bad auth : Authentication failed.","level":"error","message":"Error connecting to MongoDB:","stack":"MongoServerError: bad auth : Authentication failed.\n    at Connection.onMessage (D:\\MINOR PROJECT\\Backend\\node_modules\\mongodb\\lib\\cmap\\connection.js:202:26)\n    at MessageStream.<anonymous> (D:\\MINOR PROJECT\\Backend\\node_modules\\mongodb\\lib\\cmap\\connection.js:61:60)\n    at MessageStream.emit (node:events:518:28)\n    at processIncomingData (D:\\MINOR PROJECT\\Backend\\node_modules\\mongodb\\lib\\cmap\\message_stream.js:124:16)\n    at MessageStream._write (D:\\MINOR PROJECT\\Backend\\node_modules\\mongodb\\lib\\cmap\\message_stream.js:33:9)\n    at writeOrBuffer (node:internal/streams/writable:572:12)\n    at _write (node:internal/streams/writable:501:10)\n    at Writable.write (node:internal/streams/writable:510:10)\n    at TLSSocket.ondata (node:internal/streams/readable:1009:22)\n    at TLSSocket.emit (node:events:518:28)","timestamp":"2025-03-29T04:49:08.598Z","uri":"mongodb+srv://username:****@bdsm.djl11.mongodb.net/dbms"}
{"level":"info","message":"Server is running on port 5000","timestamp":"2025-03-29T04:49:22.509Z"}
{"error":"bad auth : Authentication failed.","level":"error","message":"Error connecting to MongoDB:","stack":"MongoServerError: bad auth : Authentication failed.\n    at Connection.onMessage (D:\\MINOR PROJECT\\Backend\\node_modules\\mongodb\\lib\\cmap\\connection.js:202:26)\n    at MessageStream.<anonymous> (D:\\MINOR PROJECT\\Backend\\node_modules\\mongodb\\lib\\cmap\\connection.js:61:60)\n    at MessageStream.emit (node:events:518:28)\n    at processIncomingData (D:\\MINOR PROJECT\\Backend\\node_modules\\mongodb\\lib\\cmap\\message_stream.js:124:16)\n    at MessageStream._write (D:\\MINOR PROJECT\\Backend\\node_modules\\mongodb\\lib\\cmap\\message_stream.js:33:9)\n    at writeOrBuffer (node:internal/streams/writable:572:12)\n    at _write (node:internal/streams/writable:501:10)\n    at Writable.write (node:internal/streams/writable:510:10)\n    at TLSSocket.ondata (node:internal/streams/readable:1009:22)\n    at TLSSocket.emit (node:events:518:28)","timestamp":"2025-03-29T04:49:22.732Z","uri":"mongodb+srv://username:****@bdsm.djl11.mongodb.net/dbms"}
{"level":"info","message":"Server is running on port 5000","timestamp":"2025-03-29T04:51:51.633Z"}
{"level":"info","message":"MongoDB Connected: bdsm-shard-00-00.djl11.mongodb.net","timestamp":"2025-03-29T04:51:51.959Z"}
{"level":"info","message":"::1 - - [29/Mar/2025:04:52:43 +0000] \"POST /api/auth/register HTTP/1.1\" 500 33 \"-\" \"Mozilla/5.0 (Windows NT; Windows NT 10.0; en-IN) WindowsPowerShell/5.1.26100.2161\" {\"email\":\"test.teacher@example.com\",\"name\":\"Test Teacher\",\"password\":\"[REDACTED]\",\"phone\":\"1234567890\",\"role\":\"teacher\"}","timestamp":"2025-03-29T04:52:43.954Z"}
{"level":"info","message":"::1 - - [29/Mar/2025:04:53:28 +0000] \"POST /api/auth/register HTTP/1.1\" 400 64 \"-\" \"Mozilla/5.0 (Windows NT; Windows NT 10.0; en-IN) WindowsPowerShell/5.1.26100.2161\" {\"password\":\"[REDACTED]\",\"name\":\"Test Teacher\",\"phone\":\"1234567890\",\"isVerified\":false,\"email\":\"test.teacher@example.com\",\"role\":\"teacher\"}","timestamp":"2025-03-29T04:53:28.484Z"}
{"level":"info","message":"Server is running on port 5000","timestamp":"2025-03-29T04:53:47.149Z"}
{"level":"info","message":"MongoDB Connected: bdsm-shard-00-00.djl11.mongodb.net","timestamp":"2025-03-29T04:53:47.520Z"}
{"level":"info","message":"Server is running on port 5000","timestamp":"2025-03-29T04:55:32.370Z"}
{"level":"info","message":"MongoDB Connected: bdsm-shard-00-00.djl11.mongodb.net","timestamp":"2025-03-29T04:55:32.709Z"}
{"level":"info","message":"Server is running on port 5000","timestamp":"2025-03-29T04:59:55.670Z"}
{"level":"info","message":"MongoDB Connected: bdsm-shard-00-00.djl11.mongodb.net","timestamp":"2025-03-29T04:59:56.080Z"}
{"level":"info","message":"Server is running on port 5000","timestamp":"2025-03-29T06:28:08.203Z"}
{"level":"info","message":"MongoDB Connected: bdsm-shard-00-01.djl11.mongodb.net","timestamp":"2025-03-29T06:28:08.663Z"}
{"level":"info","message":"::1 - - [29/Mar/2025:06:28:22 +0000] \"GET / HTTP/1.1\" 200 38 \"-\" \"Mozilla/5.0 (Windows NT 10.0; Win64; x64) AppleWebKit/537.36 (KHTML, like Gecko) Chrome/134.0.0.0 Safari/537.36\" {}","timestamp":"2025-03-29T06:28:22.964Z"}
{"level":"warn","message":"Route not found:","method":"GET","timestamp":"2025-03-29T06:28:23.037Z","url":"/favicon.ico"}
{"level":"info","message":"::1 - - [29/Mar/2025:06:28:23 +0000] \"GET /favicon.ico HTTP/1.1\" 404 29 \"-\" \"Mozilla/5.0 (Windows NT 10.0; Win64; x64) AppleWebKit/537.36 (KHTML, like Gecko) Chrome/134.0.0.0 Safari/537.36\" {}","timestamp":"2025-03-29T06:28:23.038Z"}
{"level":"warn","message":"Route not found:","method":"POST","timestamp":"2025-03-29T06:29:10.815Z","url":"/api/auth/register/teacher"}
{"level":"info","message":"::1 - - [29/Mar/2025:06:29:10 +0000] \"POST /api/auth/register/teacher HTTP/1.1\" 404 29 \"-\" \"Mozilla/5.0 (Windows NT; Windows NT 10.0; en-IN) WindowsPowerShell/5.1.26100.2161\" {\"email\":\"teacher@test.com\",\"name\":\"Test Teacher\",\"phone\":\"1234567890\"}","timestamp":"2025-03-29T06:29:10.819Z"}
{"level":"info","message":"::1 - - [29/Mar/2025:06:29:38 +0000] \"POST /api/auth/register HTTP/1.1\" 400 64 \"-\" \"Mozilla/5.0 (Windows NT; Windows NT 10.0; en-IN) WindowsPowerShell/5.1.26100.2161\" {\"email\":\"teacher@test.com\",\"name\":\"Test Teacher\",\"password\":\"[REDACTED]\",\"phone\":\"1234567890\",\"role\":\"teacher\"}","timestamp":"2025-03-29T06:29:38.166Z"}
{"level":"info","message":"::1 - - [29/Mar/2025:06:29:50 +0000] \"POST /api/auth/register HTTP/1.1\" 400 64 \"-\" \"Mozilla/5.0 (Windows NT; Windows NT 10.0; en-IN) WindowsPowerShell/5.1.26100.2161\" {\"email\":\"teacher2@test.com\",\"name\":\"Test Teacher\",\"password\":\"[REDACTED]\",\"phone\":\"1234567891\",\"role\":\"teacher\"}","timestamp":"2025-03-29T06:29:50.423Z"}
{"level":"info","message":"::1 - - [29/Mar/2025:06:29:58 +0000] \"POST /api/auth/login HTTP/1.1\" 401 33 \"-\" \"Mozilla/5.0 (Windows NT; Windows NT 10.0; en-IN) WindowsPowerShell/5.1.26100.2161\" {\"password\":\"[REDACTED]\",\"email\":\"teacher@test.com\"}","timestamp":"2025-03-29T06:29:58.653Z"}
{"level":"info","message":"::1 - - [29/Mar/2025:06:30:46 +0000] \"POST /api/auth/register HTTP/1.1\" 400 64 \"-\" \"Mozilla/5.0 (Windows NT; Windows NT 10.0; en-IN) WindowsPowerShell/5.1.26100.2161\" {\"email\":\"test.teacher123@test.com\",\"name\":\"Test Teacher\",\"password\":\"[REDACTED]\",\"phone\":\"9876543210\",\"role\":\"teacher\"}","timestamp":"2025-03-29T06:30:46.944Z"}
{"level":"info","message":"::1 - - [29/Mar/2025:06:31:02 +0000] \"POST /api/auth/login HTTP/1.1\" 401 33 \"-\" \"Mozilla/5.0 (Windows NT; Windows NT 10.0; en-IN) WindowsPowerShell/5.1.26100.2161\" {\"password\":\"[REDACTED]\",\"email\":\"admin@quizcraze.com\"}","timestamp":"2025-03-29T06:31:02.312Z"}
{"level":"info","message":"::1 - - [29/Mar/2025:06:31:12 +0000] \"POST /api/auth/login HTTP/1.1\" 401 33 \"-\" \"Mozilla/5.0 (Windows NT; Windows NT 10.0; en-IN) WindowsPowerShell/5.1.26100.2161\" {\"password\":\"[REDACTED]\",\"email\":\"teacher@quizcraze.com\"}","timestamp":"2025-03-29T06:31:12.621Z"}
{"level":"info","message":"::1 - - [29/Mar/2025:06:32:36 +0000] \"POST /api/auth/login HTTP/1.1\" 500 26 \"-\" \"Mozilla/5.0 (Windows NT; Windows NT 10.0; en-IN) WindowsPowerShell/5.1.26100.2161\" {\"password\":\"[REDACTED]\",\"email\":\"teacher@test.com\"}","timestamp":"2025-03-29T06:32:36.076Z"}
{"level":"info","message":"::1 - - [29/Mar/2025:06:33:39 +0000] \"POST /api/auth/login HTTP/1.1\" 401 33 \"-\" \"Mozilla/5.0 (Windows NT; Windows NT 10.0; en-IN) WindowsPowerShell/5.1.26100.2161\" {\"password\":\"[REDACTED]\",\"email\":\"teacher@test.com\"}","timestamp":"2025-03-29T06:33:39.872Z"}
{"level":"info","message":"Server is running on port 5000","timestamp":"2025-03-29T06:34:20.746Z"}
{"level":"info","message":"MongoDB Connected: bdsm-shard-00-01.djl11.mongodb.net","timestamp":"2025-03-29T06:34:21.066Z"}
{"level":"info","message":"::1 - - [29/Mar/2025:06:34:36 +0000] \"POST /api/auth/login HTTP/1.1\" 401 33 \"-\" \"Mozilla/5.0 (Windows NT; Windows NT 10.0; en-IN) WindowsPowerShell/5.1.26100.2161\" {\"password\":\"[REDACTED]\",\"email\":\"teacher@test.com\"}","timestamp":"2025-03-29T06:34:36.492Z"}
{"level":"info","message":"::1 - - [29/Mar/2025:06:36:40 +0000] \"POST /api/auth/login HTTP/1.1\" 500 26 \"-\" \"Mozilla/5.0 (Windows NT; Windows NT 10.0; en-IN) WindowsPowerShell/5.1.26100.2161\" {\"password\":\"[REDACTED]\",\"email\":\"teacher@test.com\"}","timestamp":"2025-03-29T06:36:40.586Z"}
{"level":"info","message":"::1 - - [29/Mar/2025:06:37:28 +0000] \"POST /api/auth/login HTTP/1.1\" 500 26 \"-\" \"Mozilla/5.0 (Windows NT; Windows NT 10.0; en-IN) WindowsPowerShell/5.1.26100.2161\" {\"password\":\"[REDACTED]\",\"email\":\"teacher@test.com\"}","timestamp":"2025-03-29T06:37:28.019Z"}
{"level":"info","message":"Server is running on port 5000","timestamp":"2025-03-29T06:38:06.502Z"}
{"level":"info","message":"MongoDB Connected: localhost","timestamp":"2025-03-29T06:38:06.562Z"}
{"level":"info","message":"::1 - - [29/Mar/2025:06:38:22 +0000] \"POST /api/auth/login HTTP/1.1\" 401 33 \"-\" \"Mozilla/5.0 (Windows NT; Windows NT 10.0; en-IN) WindowsPowerShell/5.1.26100.2161\" {\"password\":\"[REDACTED]\",\"email\":\"teacher@test.com\"}","timestamp":"2025-03-29T06:38:22.877Z"}
{"level":"info","message":"Server is running on port 5000","timestamp":"2025-03-29T06:38:53.934Z"}
{"level":"info","message":"MongoDB Connected: localhost","timestamp":"2025-03-29T06:38:53.949Z"}
{"level":"info","message":"Server is running on port 5000","timestamp":"2025-03-29T06:40:36.770Z"}
{"level":"info","message":"MongoDB Connected: bdsm-shard-00-00.djl11.mongodb.net","timestamp":"2025-03-29T06:40:37.339Z"}
{"level":"info","message":"::1 - - [29/Mar/2025:06:40:57 +0000] \"POST /api/auth/login HTTP/1.1\" 200 536 \"-\" \"Mozilla/5.0 (Windows NT; Windows NT 10.0; en-IN) WindowsPowerShell/5.1.26100.2161\" {\"password\":\"[REDACTED]\",\"email\":\"teacher@test.com\"}","timestamp":"2025-03-29T06:40:57.038Z"}
{"level":"warn","message":"Route not found:","method":"POST","timestamp":"2025-03-29T06:41:13.654Z","url":"/api/class"}
{"level":"info","message":"::1 - - [29/Mar/2025:06:41:13 +0000] \"POST /api/class HTTP/1.1\" 404 29 \"-\" \"Mozilla/5.0 (Windows NT; Windows NT 10.0; en-IN) WindowsPowerShell/5.1.26100.2161\" {\"name\":\"Test Class\",\"description\":\"A test class for API testing\"}","timestamp":"2025-03-29T06:41:13.656Z"}
{"level":"info","message":"::1 - - [29/Mar/2025:06:41:27 +0000] \"POST /api/classes HTTP/1.1\" 400 71 \"-\" \"Mozilla/5.0 (Windows NT; Windows NT 10.0; en-IN) WindowsPowerShell/5.1.26100.2161\" {\"name\":\"Test Class\",\"description\":\"A test class for API testing\"}","timestamp":"2025-03-29T06:41:27.114Z"}
{"level":"info","message":"::1 - - [29/Mar/2025:06:41:44 +0000] \"POST /api/classes HTTP/1.1\" 201 128 \"-\" \"Mozilla/5.0 (Windows NT; Windows NT 10.0; en-IN) WindowsPowerShell/5.1.26100.2161\" {\"description\":\"A test class for API testing\",\"name\":\"Test Class\",\"enrollmentKey\":\"TEST123\"}","timestamp":"2025-03-29T06:41:44.623Z"}
{"level":"info","message":"::1 - - [29/Mar/2025:06:41:59 +0000] \"GET /api/classes/teacher HTTP/1.1\" 200 307 \"-\" \"Mozilla/5.0 (Windows NT; Windows NT 10.0; en-IN) WindowsPowerShell/5.1.26100.2161\" {}","timestamp":"2025-03-29T06:41:59.774Z"}
{"level":"info","message":"::1 - - [29/Mar/2025:06:42:14 +0000] \"POST /api/quizzes HTTP/1.1\" 400 512 \"-\" \"Mozilla/5.0 (Windows NT; Windows NT 10.0; en-IN) WindowsPowerShell/5.1.26100.2161\" {\"questions\":[{\"correctOption\":1,\"options\":[\"3\",\"4\",\"5\",\"6\"],\"text\":\"What is 2+2?\"},{\"correctOption\":2,\"options\":[\"London\",\"Berlin\",\"Paris\",\"Madrid\"],\"text\":\"What is the capital of France?\"}],\"title\":\"Test Quiz\",\"description\":\"A test quiz\",\"classId\":\"67e796289d3049f5e7f2ac4b\",\"timeLimit\":30}","timestamp":"2025-03-29T06:42:14.134Z"}
{"level":"info","message":"::1 - - [29/Mar/2025:06:42:54 +0000] \"POST /api/quizzes HTTP/1.1\" 400 70 \"-\" \"Mozilla/5.0 (Windows NT; Windows NT 10.0; en-IN) WindowsPowerShell/5.1.26100.2161\" {\"classIds\":[\"67e796289d3049f5e7f2ac4b\"],\"title\":\"Test Quiz\",\"description\":\"A test quiz\",\"timeLimit\":30,\"questions\":[{\"text\":\"What is 2+2?\",\"options\":[{\"text\":\"3\",\"isCorrect\":false},{\"text\":\"4\",\"isCorrect\":true},{\"text\":\"5\",\"isCorrect\":false},{\"text\":\"6\",\"isCorrect\":false}]},{\"text\":\"What is the capital of France?\",\"options\":[{\"text\":\"London\",\"isCorrect\":false},{\"text\":\"Berlin\",\"isCorrect\":false},{\"text\":\"Paris\",\"isCorrect\":true},{\"text\":\"Madrid\",\"isCorrect\":false}]}]}","timestamp":"2025-03-29T06:42:54.410Z"}
{"level":"info","message":"::1 - - [29/Mar/2025:06:43:08 +0000] \"GET /api/quizzes/teacher HTTP/1.1\" 200 14 \"-\" \"Mozilla/5.0 (Windows NT; Windows NT 10.0; en-IN) WindowsPowerShell/5.1.26100.2161\" {}","timestamp":"2025-03-29T06:43:08.986Z"}
{"level":"info","message":"::1 - - [29/Mar/2025:06:43:57 +0000] \"POST /api/quizzes HTTP/1.1\" 201 142 \"-\" \"Mozilla/5.0 (Windows NT; Windows NT 10.0; en-IN) WindowsPowerShell/5.1.26100.2161\" {\"classIds\":[\"67e796289d3049f5e7f2ac4b\"],\"description\":\"A test quiz\",\"scheduledFor\":\"2025-03-29T13:00:00Z\",\"questions\":[{\"text\":\"What is 2+2?\",\"options\":[{\"text\":\"3\",\"isCorrect\":false},{\"text\":\"4\",\"isCorrect\":true},{\"text\":\"5\",\"isCorrect\":false},{\"text\":\"6\",\"isCorrect\":false}]},{\"text\":\"What is the capital of France?\",\"options\":[{\"text\":\"London\",\"isCorrect\":false},{\"text\":\"Berlin\",\"isCorrect\":false},{\"text\":\"Paris\",\"isCorrect\":true},{\"text\":\"Madrid\",\"isCorrect\":false}]}],\"timeLimit\":30,\"title\":\"Test Quiz\"}","timestamp":"2025-03-29T06:43:57.244Z"}
{"level":"info","message":"::1 - - [29/Mar/2025:06:44:09 +0000] \"GET /api/quizzes/teacher HTTP/1.1\" 500 37 \"-\" \"Mozilla/5.0 (Windows NT; Windows NT 10.0; en-IN) WindowsPowerShell/5.1.26100.2161\" {}","timestamp":"2025-03-29T06:44:09.860Z"}
{"level":"info","message":"::1 - - [29/Mar/2025:06:44:18 +0000] \"GET /api/quizzes/67e796ad9d3049f5e7f2ac55 HTTP/1.1\" 500 42 \"-\" \"Mozilla/5.0 (Windows NT; Windows NT 10.0; en-IN) WindowsPowerShell/5.1.26100.2161\" {}","timestamp":"2025-03-29T06:44:18.424Z"}
{"level":"info","message":"Server is running on port 5000","timestamp":"2025-03-29T06:44:37.306Z"}
{"level":"info","message":"MongoDB Connected: bdsm-shard-00-01.djl11.mongodb.net","timestamp":"2025-03-29T06:44:37.594Z"}
{"level":"info","message":"::1 - - [29/Mar/2025:06:45:32 +0000] \"GET /api/quizzes/teacher HTTP/1.1\" 500 68 \"-\" \"Mozilla/5.0 (Windows NT; Windows NT 10.0; en-IN) WindowsPowerShell/5.1.26100.2161\" {}","timestamp":"2025-03-29T06:45:32.694Z"}
{"level":"info","message":"Server is running on port 5000","timestamp":"2025-03-29T06:45:57.228Z"}
{"level":"info","message":"MongoDB Connected: bdsm-shard-00-02.djl11.mongodb.net","timestamp":"2025-03-29T06:45:57.472Z"}
{"level":"info","message":"::1 - - [29/Mar/2025:06:46:20 +0000] \"GET /api/quizzes/teacher HTTP/1.1\" 200 226 \"-\" \"Mozilla/5.0 (Windows NT; Windows NT 10.0; en-IN) WindowsPowerShell/5.1.26100.2161\" {}","timestamp":"2025-03-29T06:46:20.233Z"}
{"level":"info","message":"Server is running on port 5000","timestamp":"2025-03-29T06:46:53.481Z"}
{"level":"info","message":"MongoDB Connected: bdsm-shard-00-01.djl11.mongodb.net","timestamp":"2025-03-29T06:46:53.705Z"}
{"level":"info","message":"::1 - - [29/Mar/2025:06:47:16 +0000] \"GET /api/quizzes/67e796ad9d3049f5e7f2ac55 HTTP/1.1\" 200 994 \"-\" \"Mozilla/5.0 (Windows NT; Windows NT 10.0; en-IN) WindowsPowerShell/5.1.26100.2161\" {}","timestamp":"2025-03-29T06:47:16.317Z"}
{"level":"info","message":"::1 - - [29/Mar/2025:06:47:28 +0000] \"POST /api/auth/register HTTP/1.1\" 400 64 \"-\" \"Mozilla/5.0 (Windows NT; Windows NT 10.0; en-IN) WindowsPowerShell/5.1.26100.2161\" {\"password\":\"[REDACTED]\",\"name\":\"Test Student\",\"department\":\"Computer Science\",\"phone\":\"+919876543210\",\"email\":\"student@test.com\",\"role\":\"student\",\"prn\":\"123456789012\"}","timestamp":"2025-03-29T06:47:28.052Z"}
{"level":"info","message":"::1 - - [29/Mar/2025:06:47:37 +0000] \"POST /api/auth/register HTTP/1.1\" 500 34 \"-\" \"Mozilla/5.0 (Windows NT; Windows NT 10.0; en-IN) WindowsPowerShell/5.1.26100.2161\" {\"password\":\"[REDACTED]\",\"name\":\"Test Student\",\"department\":\"Computer Science\",\"phone\":\"+919876543211\",\"email\":\"student2@test.com\",\"role\":\"student\",\"prn\":\"123456789013\"}","timestamp":"2025-03-29T06:47:37.277Z"}
{"level":"info","message":"Server is running on port 5000","timestamp":"2025-03-29T06:48:04.652Z"}
{"level":"info","message":"MongoDB Connected: bdsm-shard-00-00.djl11.mongodb.net","timestamp":"2025-03-29T06:48:05.013Z"}
{"level":"info","message":"::1 - - [29/Mar/2025:06:48:24 +0000] \"POST /api/auth/register HTTP/1.1\" 400 64 \"-\" \"Mozilla/5.0 (Windows NT; Windows NT 10.0; en-IN) WindowsPowerShell/5.1.26100.2161\" {\"password\":\"[REDACTED]\",\"name\":\"Test Student\",\"department\":\"Computer Science\",\"phone\":\"+919876543211\",\"email\":\"student2@test.com\",\"role\":\"student\",\"prn\":\"123456789013\"}","timestamp":"2025-03-29T06:48:24.094Z"}
{"level":"info","message":"::1 - - [29/Mar/2025:06:48:34 +0000] \"POST /api/auth/register HTTP/1.1\" 500 34 \"-\" \"Mozilla/5.0 (Windows NT; Windows NT 10.0; en-IN) WindowsPowerShell/5.1.26100.2161\" {\"password\":\"[REDACTED]\",\"name\":\"Test Student\",\"department\":\"Computer Science\",\"phone\":\"+919876543212\",\"email\":\"student3@test.com\",\"role\":\"student\",\"prn\":\"123456789014\"}","timestamp":"2025-03-29T06:48:34.257Z"}
{"level":"warn","message":"MongoDB disconnected","timestamp":"2025-03-29T06:49:20.854Z"}
{"level":"warn","message":"MongoDB disconnected","timestamp":"2025-03-29T06:49:34.617Z"}
{"level":"info","message":"::1 - - [29/Mar/2025:06:49:39 +0000] \"POST /api/auth/register HTTP/1.1\" 400 64 \"-\" \"Mozilla/5.0 (Windows NT; Windows NT 10.0; en-IN) WindowsPowerShell/5.1.26100.2161\" {\"password\":\"[REDACTED]\",\"name\":\"Test Student\",\"department\":\"Computer Science\",\"phone\":\"+919876543212\",\"email\":\"student3@test.com\",\"role\":\"student\",\"prn\":\"123456789014\"}","timestamp":"2025-03-29T06:49:39.539Z"}
{"level":"info","message":"::1 - - [29/Mar/2025:06:49:50 +0000] \"POST /api/auth/register HTTP/1.1\" 500 34 \"-\" \"Mozilla/5.0 (Windows NT; Windows NT 10.0; en-IN) WindowsPowerShell/5.1.26100.2161\" {\"password\":\"[REDACTED]\",\"name\":\"Another Student\",\"department\":\"Computer Science\",\"phone\":\"+919876543213\",\"email\":\"student4@test.com\",\"role\":\"student\",\"prn\":\"123456789015\"}","timestamp":"2025-03-29T06:49:50.417Z"}
{"level":"info","message":"::1 - - [29/Mar/2025:06:50:59 +0000] \"POST /api/auth/login HTTP/1.1\" 200 536 \"-\" \"Mozilla/5.0 (Windows NT; Windows NT 10.0; en-IN) WindowsPowerShell/5.1.26100.2161\" {\"password\":\"[REDACTED]\",\"email\":\"student@test.com\"}","timestamp":"2025-03-29T06:50:59.163Z"}
{"level":"warn","message":"Route not found:","method":"POST","timestamp":"2025-03-29T06:51:13.812Z","url":"/api/classes/enroll"}
{"level":"info","message":"::1 - - [29/Mar/2025:06:51:13 +0000] \"POST /api/classes/enroll HTTP/1.1\" 404 29 \"-\" \"Mozilla/5.0 (Windows NT; Windows NT 10.0; en-IN) WindowsPowerShell/5.1.26100.2161\" {\"enrollmentKey\":\"TEST123\"}","timestamp":"2025-03-29T06:51:13.814Z"}
{"level":"info","message":"::1 - - [29/Mar/2025:06:51:38 +0000] \"POST /api/classes/join HTTP/1.1\" 401 38 \"-\" \"Mozilla/5.0 (Windows NT; Windows NT 10.0; en-IN) WindowsPowerShell/5.1.26100.2161\" {\"enrollmentKey\":\"TEST123\"}","timestamp":"2025-03-29T06:51:38.042Z"}
{"level":"info","message":"::1 - - [29/Mar/2025:06:51:47 +0000] \"POST /api/auth/login HTTP/1.1\" 200 536 \"-\" \"Mozilla/5.0 (Windows NT; Windows NT 10.0; en-IN) WindowsPowerShell/5.1.26100.2161\" {\"password\":\"[REDACTED]\",\"email\":\"student@test.com\"}","timestamp":"2025-03-29T06:51:47.344Z"}
{"level":"info","message":"::1 - - [29/Mar/2025:06:52:03 +0000] \"POST /api/classes/join HTTP/1.1\" 401 38 \"-\" \"Mozilla/5.0 (Windows NT; Windows NT 10.0; en-IN) WindowsPowerShell/5.1.26100.2161\" {\"enrollmentKey\":\"TEST123\"}","timestamp":"2025-03-29T06:52:03.597Z"}
{"level":"info","message":"Server is running on port 5000","timestamp":"2025-03-29T06:53:02.064Z"}
{"error":"bad auth : Authentication failed.","level":"error","message":"Error connecting to MongoDB:","stack":"MongoServerError: bad auth : Authentication failed.\n    at Connection.onMessage (D:\\MINOR PROJECT\\Backend\\node_modules\\mongodb\\lib\\cmap\\connection.js:202:26)\n    at MessageStream.<anonymous> (D:\\MINOR PROJECT\\Backend\\node_modules\\mongodb\\lib\\cmap\\connection.js:61:60)\n    at MessageStream.emit (node:events:518:28)\n    at processIncomingData (D:\\MINOR PROJECT\\Backend\\node_modules\\mongodb\\lib\\cmap\\message_stream.js:124:16)\n    at MessageStream._write (D:\\MINOR PROJECT\\Backend\\node_modules\\mongodb\\lib\\cmap\\message_stream.js:33:9)\n    at writeOrBuffer (node:internal/streams/writable:572:12)\n    at _write (node:internal/streams/writable:501:10)\n    at Writable.write (node:internal/streams/writable:510:10)\n    at TLSSocket.ondata (node:internal/streams/readable:1009:22)\n    at TLSSocket.emit (node:events:518:28)","timestamp":"2025-03-29T06:53:02.381Z","uri":"mongodb+srv://pranavwalunj66:****@bdsm.djl11.mongodb.net/quizcraze?retryWrites=true&w=majority"}
{"level":"info","message":"Server is running on port 5000","timestamp":"2025-03-29T06:53:30.677Z"}
{"error":"bad auth : Authentication failed.","level":"error","message":"Error connecting to MongoDB:","stack":"MongoServerError: bad auth : Authentication failed.\n    at Connection.onMessage (D:\\MINOR PROJECT\\Backend\\node_modules\\mongodb\\lib\\cmap\\connection.js:202:26)\n    at MessageStream.<anonymous> (D:\\MINOR PROJECT\\Backend\\node_modules\\mongodb\\lib\\cmap\\connection.js:61:60)\n    at MessageStream.emit (node:events:518:28)\n    at processIncomingData (D:\\MINOR PROJECT\\Backend\\node_modules\\mongodb\\lib\\cmap\\message_stream.js:124:16)\n    at MessageStream._write (D:\\MINOR PROJECT\\Backend\\node_modules\\mongodb\\lib\\cmap\\message_stream.js:33:9)\n    at writeOrBuffer (node:internal/streams/writable:572:12)\n    at _write (node:internal/streams/writable:501:10)\n    at Writable.write (node:internal/streams/writable:510:10)\n    at TLSSocket.ondata (node:internal/streams/readable:1009:22)\n    at TLSSocket.emit (node:events:518:28)","timestamp":"2025-03-29T06:53:30.916Z","uri":"mongodb+srv://pranavwalunj66:****@bdsm.djl11.mongodb.net/quizcraze?retryWrites=true&w=majority"}
{"level":"info","message":"Server is running on port 5000","timestamp":"2025-03-29T06:53:54.931Z"}
{"level":"info","message":"MongoDB Connected: localhost","timestamp":"2025-03-29T06:53:54.944Z"}
{"level":"info","message":"::1 - - [29/Mar/2025:06:54:13 +0000] \"POST /api/auth/register HTTP/1.1\" 500 34 \"-\" \"Mozilla/5.0 (Windows NT; Windows NT 10.0; en-IN) WindowsPowerShell/5.1.26100.2161\" {\"password\":\"[REDACTED]\",\"name\":\"Another Student\",\"department\":\"Computer Science\",\"phone\":\"+919876543213\",\"email\":\"student4@test.com\",\"role\":\"student\",\"prn\":\"123456789015\"}","timestamp":"2025-03-29T06:54:13.215Z"}
{"level":"info","message":"::1 - - [29/Mar/2025:06:54:46 +0000] \"POST /api/auth/register HTTP/1.1\" 400 64 \"-\" \"Mozilla/5.0 (Windows NT; Windows NT 10.0; en-IN) WindowsPowerShell/5.1.26100.2161\" {\"password\":\"[REDACTED]\",\"name\":\"Another Student\",\"department\":\"Computer Science\",\"phone\":\"+919876543213\",\"email\":\"student4@test.com\",\"role\":\"student\",\"prn\":\"123456789015\"}","timestamp":"2025-03-29T06:54:46.371Z"}
{"level":"info","message":"::1 - - [29/Mar/2025:06:54:57 +0000] \"POST /api/auth/register HTTP/1.1\" 500 34 \"-\" \"Mozilla/5.0 (Windows NT; Windows NT 10.0; en-IN) WindowsPowerShell/5.1.26100.2161\" {\"password\":\"[REDACTED]\",\"name\":\"Another Student\",\"department\":\"Computer Science\",\"phone\":\"+919876543214\",\"email\":\"student5@test.com\",\"role\":\"student\",\"prn\":\"123456789016\"}","timestamp":"2025-03-29T06:54:57.235Z"}
{"level":"info","message":"Server is running on port 5000","timestamp":"2025-03-29T06:55:46.076Z"}
{"level":"info","message":"MongoDB Connected: localhost","timestamp":"2025-03-29T06:55:46.091Z"}
{"level":"info","message":"::1 - - [29/Mar/2025:06:55:56 +0000] \"POST /api/auth/register HTTP/1.1\" 400 64 \"-\" \"Mozilla/5.0 (Windows NT; Windows NT 10.0; en-IN) WindowsPowerShell/5.1.26100.2161\" {\"password\":\"[REDACTED]\",\"name\":\"Another Student\",\"department\":\"Computer Science\",\"phone\":\"+919876543214\",\"email\":\"student5@test.com\",\"role\":\"student\",\"prn\":\"123456789016\"}","timestamp":"2025-03-29T06:55:56.680Z"}
{"level":"info","message":"::1 - - [29/Mar/2025:06:56:09 +0000] \"POST /api/auth/register HTTP/1.1\" 500 34 \"-\" \"Mozilla/5.0 (Windows NT; Windows NT 10.0; en-IN) WindowsPowerShell/5.1.26100.2161\" {\"password\":\"[REDACTED]\",\"name\":\"Another Student\",\"department\":\"Computer Science\",\"phone\":\"+919876543215\",\"email\":\"student6@test.com\",\"role\":\"student\",\"prn\":\"123456789017\"}","timestamp":"2025-03-29T06:56:09.636Z"}
{"level":"info","message":"Server is running on port 5000","timestamp":"2025-03-29T06:57:14.258Z"}
{"level":"info","message":"MongoDB Connected: localhost","timestamp":"2025-03-29T06:57:14.273Z"}
{"level":"info","message":"Server is running on port 5000","timestamp":"2025-03-29T06:57:46.615Z"}
{"level":"info","message":"MongoDB Connected: localhost","timestamp":"2025-03-29T06:57:46.631Z"}
{"level":"info","message":"Server is running on port 5000","timestamp":"2025-03-29T06:58:11.909Z"}
{"level":"info","message":"MongoDB Connected: localhost","timestamp":"2025-03-29T06:58:11.924Z"}
{"level":"info","message":"::1 - - [29/Mar/2025:06:58:28 +0000] \"POST /api/auth/register HTTP/1.1\" 400 64 \"-\" \"Mozilla/5.0 (Windows NT; Windows NT 10.0; en-IN) WindowsPowerShell/5.1.26100.2161\" {\"password\":\"[REDACTED]\",\"name\":\"Another Student\",\"department\":\"Computer Science\",\"phone\":\"+919876543215\",\"email\":\"student6@test.com\",\"role\":\"student\",\"prn\":\"123456789017\"}","timestamp":"2025-03-29T06:58:28.168Z"}
{"level":"info","message":"::1 - - [29/Mar/2025:06:58:41 +0000] \"POST /api/auth/register HTTP/1.1\" 201 74 \"-\" \"Mozilla/5.0 (Windows NT; Windows NT 10.0; en-IN) WindowsPowerShell/5.1.26100.2161\" {\"password\":\"[REDACTED]\",\"name\":\"Another Student\",\"department\":\"Computer Science\",\"phone\":\"+919876543216\",\"email\":\"student7@test.com\",\"role\":\"student\",\"prn\":\"123456789018\"}","timestamp":"2025-03-29T06:58:41.519Z"}
{"level":"warn","message":"Route not found:","method":"POST","timestamp":"2025-03-29T06:59:07.125Z","url":"/api/auth/verify"}
{"level":"info","message":"::1 - - [29/Mar/2025:06:59:07 +0000] \"POST /api/auth/verify HTTP/1.1\" 404 29 \"-\" \"Mozilla/5.0 (Windows NT; Windows NT 10.0; en-IN) WindowsPowerShell/5.1.26100.2161\" {\"email\":\"student7@test.com\",\"otp\":\"[REDACTED]\"}","timestamp":"2025-03-29T06:59:07.126Z"}
{"level":"info","message":"::1 - - [29/Mar/2025:07:02:30 +0000] \"POST /api/auth/verify-otp HTTP/1.1\" 200 41 \"-\" \"Mozilla/5.0 (Windows NT; Windows NT 10.0; en-IN) WindowsPowerShell/5.1.26100.2161\" {\"email\":\"student7@test.com\",\"otp\":\"[REDACTED]\"}","timestamp":"2025-03-29T07:02:30.013Z"}
{"level":"info","message":"::1 - - [29/Mar/2025:07:02:46 +0000] \"POST /api/auth/login HTTP/1.1\" 200 534 \"-\" \"Mozilla/5.0 (Windows NT; Windows NT 10.0; en-IN) WindowsPowerShell/5.1.26100.2161\" {\"password\":\"[REDACTED]\",\"email\":\"student7@test.com\"}","timestamp":"2025-03-29T07:02:46.688Z"}
{"level":"info","message":"::1 - - [29/Mar/2025:07:02:58 +0000] \"POST /api/auth/register HTTP/1.1\" 201 74 \"-\" \"Mozilla/5.0 (Windows NT; Windows NT 10.0; en-IN) WindowsPowerShell/5.1.26100.2161\" {\"email\":\"teacher1@test.com\",\"name\":\"Test Teacher\",\"password\":\"[REDACTED]\",\"phone\":\"+919876543217\",\"role\":\"teacher\"}","timestamp":"2025-03-29T07:02:58.969Z"}
{"level":"info","message":"::1 - - [29/Mar/2025:07:03:18 +0000] \"POST /api/auth/verify-otp HTTP/1.1\" 200 41 \"-\" \"Mozilla/5.0 (Windows NT; Windows NT 10.0; en-IN) WindowsPowerShell/5.1.26100.2161\" {\"email\":\"teacher1@test.com\",\"otp\":\"[REDACTED]\"}","timestamp":"2025-03-29T07:03:18.888Z"}
{"level":"info","message":"::1 - - [29/Mar/2025:07:04:12 +0000] \"POST /api/auth/login HTTP/1.1\" 200 531 \"-\" \"Mozilla/5.0 (Windows NT; Windows NT 10.0; en-IN) WindowsPowerShell/5.1.26100.2161\" {\"password\":\"[REDACTED]\",\"email\":\"teacher1@test.com\"}","timestamp":"2025-03-29T07:04:12.166Z"}
{"level":"info","message":"::1 - - [29/Mar/2025:07:04:44 +0000] \"POST /api/classes HTTP/1.1\" 401 38 \"-\" \"Mozilla/5.0 (Windows NT; Windows NT 10.0; en-IN) WindowsPowerShell/5.1.26100.2161\" {\"name\":\"Test Class\",\"description\":\"A test class for testing\"}","timestamp":"2025-03-29T07:04:44.411Z"}
{"level":"info","message":"::1 - - [29/Mar/2025:07:04:56 +0000] \"POST /api/auth/login HTTP/1.1\" 200 531 \"-\" \"Mozilla/5.0 (Windows NT; Windows NT 10.0; en-IN) WindowsPowerShell/5.1.26100.2161\" {\"password\":\"[REDACTED]\",\"email\":\"teacher1@test.com\"}","timestamp":"2025-03-29T07:04:56.275Z"}
{"level":"info","message":"::1 - - [29/Mar/2025:07:04:56 +0000] \"POST /api/classes HTTP/1.1\" 400 71 \"-\" \"Mozilla/5.0 (Windows NT; Windows NT 10.0; en-IN) WindowsPowerShell/5.1.26100.2161\" {\"name\":\"Test Class\",\"description\":\"A test class for testing\"}","timestamp":"2025-03-29T07:04:56.282Z"}
{"level":"info","message":"::1 - - [29/Mar/2025:07:05:13 +0000] \"POST /api/auth/login HTTP/1.1\" 200 531 \"-\" \"Mozilla/5.0 (Windows NT; Windows NT 10.0; en-IN) WindowsPowerShell/5.1.26100.2161\" {\"password\":\"[REDACTED]\",\"email\":\"teacher1@test.com\"}","timestamp":"2025-03-29T07:05:13.891Z"}
{"level":"info","message":"::1 - - [29/Mar/2025:07:05:13 +0000] \"POST /api/classes HTTP/1.1\" 201 128 \"-\" \"Mozilla/5.0 (Windows NT; Windows NT 10.0; en-IN) WindowsPowerShell/5.1.26100.2161\" {\"description\":\"A test class for testing\",\"name\":\"Test Class\",\"enrollmentKey\":\"TEST123\"}","timestamp":"2025-03-29T07:05:13.901Z"}
{"level":"info","message":"::1 - - [29/Mar/2025:07:05:27 +0000] \"POST /api/auth/login HTTP/1.1\" 200 534 \"-\" \"Mozilla/5.0 (Windows NT; Windows NT 10.0; en-IN) WindowsPowerShell/5.1.26100.2161\" {\"password\":\"[REDACTED]\",\"email\":\"student7@test.com\"}","timestamp":"2025-03-29T07:05:27.627Z"}
{"level":"info","message":"::1 - - [29/Mar/2025:07:05:27 +0000] \"POST /api/classes/join HTTP/1.1\" 200 105 \"-\" \"Mozilla/5.0 (Windows NT; Windows NT 10.0; en-IN) WindowsPowerShell/5.1.26100.2161\" {\"enrollmentKey\":\"TEST123\"}","timestamp":"2025-03-29T07:05:27.643Z"}
{"level":"info","message":"::1 - - [29/Mar/2025:07:05:43 +0000] \"POST /api/auth/login HTTP/1.1\" 200 531 \"-\" \"Mozilla/5.0 (Windows NT; Windows NT 10.0; en-IN) WindowsPowerShell/5.1.26100.2161\" {\"password\":\"[REDACTED]\",\"email\":\"teacher1@test.com\"}","timestamp":"2025-03-29T07:05:43.365Z"}
{"level":"info","message":"::1 - - [29/Mar/2025:07:05:43 +0000] \"POST /api/quizzes HTTP/1.1\" 400 456 \"-\" \"Mozilla/5.0 (Windows NT; Windows NT 10.0; en-IN) WindowsPowerShell/5.1.26100.2161\" {\"timeLimit\":30,\"description\":\"A test quiz\",\"scheduledFor\":\"2025-03-29T07:30:00.000Z\",\"questions\":[{\"correctOption\":1,\"options\":[\"3\",\"4\",\"5\",\"6\"],\"text\":\"What is 2 + 2?\"},{\"correctOption\":2,\"options\":[\"London\",\"Berlin\",\"Paris\",\"Madrid\"],\"text\":\"What is the capital of France?\"}],\"classIds\":[\"67e79ba97a9f5040519fe84a\"],\"title\":\"Test Quiz\"}","timestamp":"2025-03-29T07:05:43.372Z"}
{"level":"info","message":"::1 - - [29/Mar/2025:07:06:37 +0000] \"POST /api/auth/login HTTP/1.1\" 200 531 \"-\" \"Mozilla/5.0 (Windows NT; Windows NT 10.0; en-IN) WindowsPowerShell/5.1.26100.2161\" {\"password\":\"[REDACTED]\",\"email\":\"teacher1@test.com\"}","timestamp":"2025-03-29T07:06:37.485Z"}
{"level":"info","message":"::1 - - [29/Mar/2025:07:06:37 +0000] \"POST /api/quizzes HTTP/1.1\" 201 142 \"-\" \"Mozilla/5.0 (Windows NT; Windows NT 10.0; en-IN) WindowsPowerShell/5.1.26100.2161\" {\"timeLimit\":30,\"description\":\"A test quiz\",\"scheduledFor\":\"2025-03-29T07:30:00.000Z\",\"questions\":[{\"text\":\"What is 2 + 2?\",\"options\":[{\"text\":\"3\",\"isCorrect\":false},{\"text\":\"4\",\"isCorrect\":true},{\"text\":\"5\",\"isCorrect\":false},{\"text\":\"6\",\"isCorrect\":false}]},{\"text\":\"What is the capital of France?\",\"options\":[{\"text\":\"London\",\"isCorrect\":false},{\"text\":\"Berlin\",\"isCorrect\":false},{\"text\":\"Paris\",\"isCorrect\":true},{\"text\":\"Madrid\",\"isCorrect\":false}]}],\"classIds\":[\"67e79ba97a9f5040519fe84a\"],\"title\":\"Test Quiz\"}","timestamp":"2025-03-29T07:06:37.507Z"}
{"level":"info","message":"::1 - - [29/Mar/2025:07:07:09 +0000] \"POST /api/auth/login HTTP/1.1\" 200 531 \"-\" \"Mozilla/5.0 (Windows NT; Windows NT 10.0; en-IN) WindowsPowerShell/5.1.26100.2161\" {\"password\":\"[REDACTED]\",\"email\":\"teacher1@test.com\"}","timestamp":"2025-03-29T07:07:09.323Z"}
{"level":"info","message":"::1 - - [29/Mar/2025:07:07:09 +0000] \"POST /api/quizzes HTTP/1.1\" 201 142 \"-\" \"Mozilla/5.0 (Windows NT; Windows NT 10.0; en-IN) WindowsPowerShell/5.1.26100.2161\" {\"timeLimit\":30,\"description\":\"A test quiz\",\"scheduledFor\":\"2025-03-29T07:30:00.000Z\",\"questions\":[{\"text\":\"What is 2 + 2?\",\"options\":[{\"text\":\"3\",\"isCorrect\":false},{\"text\":\"4\",\"isCorrect\":true}]}],\"classIds\":[\"67e79ba97a9f5040519fe84a\"],\"title\":\"Test Quiz\"}","timestamp":"2025-03-29T07:07:09.348Z"}
{"level":"info","message":"::1 - - [29/Mar/2025:07:07:25 +0000] \"POST /api/auth/login HTTP/1.1\" 200 534 \"-\" \"Mozilla/5.0 (Windows NT; Windows NT 10.0; en-IN) WindowsPowerShell/5.1.26100.2161\" {\"password\":\"[REDACTED]\",\"email\":\"student7@test.com\"}","timestamp":"2025-03-29T07:07:25.397Z"}
{"level":"info","message":"::1 - - [29/Mar/2025:07:07:25 +0000] \"GET /api/quizzes/student HTTP/1.1\" 500 37 \"-\" \"Mozilla/5.0 (Windows NT; Windows NT 10.0; en-IN) WindowsPowerShell/5.1.26100.2161\" {}","timestamp":"2025-03-29T07:07:25.420Z"}
{"level":"info","message":"Server is running on port 5000","timestamp":"2025-03-29T07:08:23.697Z"}
{"level":"info","message":"MongoDB Connected: localhost","timestamp":"2025-03-29T07:08:23.713Z"}
{"level":"info","message":"::1 - - [29/Mar/2025:07:08:47 +0000] \"POST /api/auth/login HTTP/1.1\" 200 534 \"-\" \"Mozilla/5.0 (Windows NT; Windows NT 10.0; en-IN) WindowsPowerShell/5.1.26100.2161\" {\"password\":\"[REDACTED]\",\"email\":\"student7@test.com\"}","timestamp":"2025-03-29T07:08:47.411Z"}
{"level":"error","message":"Get student quizzes error: Cannot read properties of undefined (reading 'length')","stack":"TypeError: Cannot read properties of undefined (reading 'length')\n    at model.<anonymous> (D:\\MINOR PROJECT\\Backend\\src\\models\\class.model.js:39:24)\n    at VirtualType.applyGetters (D:\\MINOR PROJECT\\Backend\\node_modules\\mongoose\\lib\\virtualtype.js:149:16)\n    at Document.get (D:\\MINOR PROJECT\\Backend\\node_modules\\mongoose\\lib\\document.js:1886:21)\n    at applyVirtuals (D:\\MINOR PROJECT\\Backend\\node_modules\\mongoose\\lib\\document.js:4090:20)\n    at Document.$toObject (D:\\MINOR PROJECT\\Backend\\node_modules\\mongoose\\lib\\document.js:3814:5)\n    at Document.toJSON (D:\\MINOR PROJECT\\Backend\\node_modules\\mongoose\\lib\\document.js:4289:15)\n    at JSON.stringify (<anonymous>)\n    at stringify (D:\\MINOR PROJECT\\Backend\\node_modules\\express\\lib\\response.js:1160:12)\n    at ServerResponse.json (D:\\MINOR PROJECT\\Backend\\node_modules\\express\\lib\\response.js:271:14)\n    at getStudentQuizzes (D:\\MINOR PROJECT\\Backend\\src\\controllers\\quiz.controller.js:195:9)","timestamp":"2025-03-29T07:08:47.429Z"}
{"level":"info","message":"::1 - - [29/Mar/2025:07:08:47 +0000] \"GET /api/quizzes/student HTTP/1.1\" 500 37 \"-\" \"Mozilla/5.0 (Windows NT; Windows NT 10.0; en-IN) WindowsPowerShell/5.1.26100.2161\" {}","timestamp":"2025-03-29T07:08:47.430Z"}
{"level":"info","message":"Server is running on port 5000","timestamp":"2025-03-29T07:09:26.193Z"}
{"level":"info","message":"MongoDB Connected: localhost","timestamp":"2025-03-29T07:09:26.207Z"}
{"level":"info","message":"::1 - - [29/Mar/2025:07:10:02 +0000] \"POST /api/auth/login HTTP/1.1\" 200 534 \"-\" \"Mozilla/5.0 (Windows NT; Windows NT 10.0; en-IN) WindowsPowerShell/5.1.26100.2161\" {\"password\":\"[REDACTED]\",\"email\":\"student7@test.com\"}","timestamp":"2025-03-29T07:10:02.197Z"}
{"level":"error","message":"Get student quizzes error: Cannot read properties of undefined (reading 'length')","stack":"TypeError: Cannot read properties of undefined (reading 'length')\n    at model.<anonymous> (D:\\MINOR PROJECT\\Backend\\src\\models\\class.model.js:39:24)\n    at VirtualType.applyGetters (D:\\MINOR PROJECT\\Backend\\node_modules\\mongoose\\lib\\virtualtype.js:149:16)\n    at Document.get (D:\\MINOR PROJECT\\Backend\\node_modules\\mongoose\\lib\\document.js:1886:21)\n    at applyVirtuals (D:\\MINOR PROJECT\\Backend\\node_modules\\mongoose\\lib\\document.js:4090:20)\n    at Document.$toObject (D:\\MINOR PROJECT\\Backend\\node_modules\\mongoose\\lib\\document.js:3814:5)\n    at Document.toJSON (D:\\MINOR PROJECT\\Backend\\node_modules\\mongoose\\lib\\document.js:4289:15)\n    at JSON.stringify (<anonymous>)\n    at stringify (D:\\MINOR PROJECT\\Backend\\node_modules\\express\\lib\\response.js:1160:12)\n    at ServerResponse.json (D:\\MINOR PROJECT\\Backend\\node_modules\\express\\lib\\response.js:271:14)\n    at getStudentQuizzes (D:\\MINOR PROJECT\\Backend\\src\\controllers\\quiz.controller.js:195:9)","timestamp":"2025-03-29T07:10:02.217Z"}
{"level":"info","message":"::1 - - [29/Mar/2025:07:10:02 +0000] \"GET /api/quizzes/student HTTP/1.1\" 500 37 \"-\" \"Mozilla/5.0 (Windows NT; Windows NT 10.0; en-IN) WindowsPowerShell/5.1.26100.2161\" {}","timestamp":"2025-03-29T07:10:02.219Z"}
{"level":"info","message":"Server is running on port 5000","timestamp":"2025-03-29T07:10:19.743Z"}
{"level":"info","message":"MongoDB Connected: localhost","timestamp":"2025-03-29T07:10:19.756Z"}
{"level":"info","message":"::1 - - [29/Mar/2025:07:10:56 +0000] \"POST /api/auth/login HTTP/1.1\" 200 534 \"-\" \"Mozilla/5.0 (Windows NT; Windows NT 10.0; en-IN) WindowsPowerShell/5.1.26100.2161\" {\"password\":\"[REDACTED]\",\"email\":\"student7@test.com\"}","timestamp":"2025-03-29T07:10:56.951Z"}
{"level":"error","message":"Get student quizzes error: Cannot read properties of undefined (reading 'length')","stack":"TypeError: Cannot read properties of undefined (reading 'length')\n    at model.<anonymous> (D:\\MINOR PROJECT\\Backend\\src\\models\\class.model.js:39:24)\n    at VirtualType.applyGetters (D:\\MINOR PROJECT\\Backend\\node_modules\\mongoose\\lib\\virtualtype.js:149:16)\n    at Document.get (D:\\MINOR PROJECT\\Backend\\node_modules\\mongoose\\lib\\document.js:1886:21)\n    at applyVirtuals (D:\\MINOR PROJECT\\Backend\\node_modules\\mongoose\\lib\\document.js:4090:20)\n    at Document.$toObject (D:\\MINOR PROJECT\\Backend\\node_modules\\mongoose\\lib\\document.js:3814:5)\n    at Document.toJSON (D:\\MINOR PROJECT\\Backend\\node_modules\\mongoose\\lib\\document.js:4289:15)\n    at JSON.stringify (<anonymous>)\n    at stringify (D:\\MINOR PROJECT\\Backend\\node_modules\\express\\lib\\response.js:1160:12)\n    at ServerResponse.json (D:\\MINOR PROJECT\\Backend\\node_modules\\express\\lib\\response.js:271:14)\n    at getStudentQuizzes (D:\\MINOR PROJECT\\Backend\\src\\controllers\\quiz.controller.js:195:9)","timestamp":"2025-03-29T07:10:56.987Z"}
{"level":"info","message":"::1 - - [29/Mar/2025:07:10:56 +0000] \"GET /api/quizzes/student HTTP/1.1\" 500 37 \"-\" \"Mozilla/5.0 (Windows NT; Windows NT 10.0; en-IN) WindowsPowerShell/5.1.26100.2161\" {}","timestamp":"2025-03-29T07:10:56.989Z"}
{"level":"info","message":"Server is running on port 5000","timestamp":"2025-03-29T07:12:15.558Z"}
{"level":"info","message":"MongoDB Connected: localhost","timestamp":"2025-03-29T07:12:15.571Z"}
{"level":"info","message":"::1 - - [29/Mar/2025:07:12:33 +0000] \"POST /api/auth/login HTTP/1.1\" 200 534 \"-\" \"Mozilla/5.0 (Windows NT; Windows NT 10.0; en-IN) WindowsPowerShell/5.1.26100.2161\" {\"password\":\"[REDACTED]\",\"email\":\"student7@test.com\"}","timestamp":"2025-03-29T07:12:33.629Z"}
{"level":"info","message":"::1 - - [29/Mar/2025:07:12:33 +0000] \"GET /api/quizzes/student HTTP/1.1\" 200 548 \"-\" \"Mozilla/5.0 (Windows NT; Windows NT 10.0; en-IN) WindowsPowerShell/5.1.26100.2161\" {}","timestamp":"2025-03-29T07:12:33.647Z"}
{"level":"info","message":"::1 - - [29/Mar/2025:07:12:58 +0000] \"POST /api/auth/login HTTP/1.1\" 200 534 \"-\" \"Mozilla/5.0 (Windows NT; Windows NT 10.0; en-IN) WindowsPowerShell/5.1.26100.2161\" {\"password\":\"[REDACTED]\",\"email\":\"student7@test.com\"}","timestamp":"2025-03-29T07:12:58.044Z"}
{"level":"info","message":"::1 - - [29/Mar/2025:07:12:58 +0000] \"GET /api/quizzes/67e79bfd7a9f5040519fe855 HTTP/1.1\" 200 243 \"-\" \"Mozilla/5.0 (Windows NT; Windows NT 10.0; en-IN) WindowsPowerShell/5.1.26100.2161\" {}","timestamp":"2025-03-29T07:12:58.055Z"}
{"level":"info","message":"::1 - - [29/Mar/2025:07:13:42 +0000] \"POST /api/auth/login HTTP/1.1\" 200 534 \"-\" \"Mozilla/5.0 (Windows NT; Windows NT 10.0; en-IN) WindowsPowerShell/5.1.26100.2161\" {\"password\":\"[REDACTED]\",\"email\":\"student7@test.com\"}","timestamp":"2025-03-29T07:13:42.168Z"}
{"level":"info","message":"::1 - - [29/Mar/2025:07:13:42 +0000] \"POST /api/quizzes/67e79bfd7a9f5040519fe855/submit HTTP/1.1\" 400 38 \"-\" \"Mozilla/5.0 (Windows NT; Windows NT 10.0; en-IN) WindowsPowerShell/5.1.26100.2161\" {\"answers\":[{\"selectedOptions\":\"1\"},{\"selectedOptions\":\"2\"}]}","timestamp":"2025-03-29T07:13:42.177Z"}
{"level":"info","message":"::1 - - [29/Mar/2025:07:18:17 +0000] \"POST /api/auth/login HTTP/1.1\" 200 531 \"-\" \"Mozilla/5.0 (Windows NT; Windows NT 10.0; en-IN) WindowsPowerShell/5.1.26100.2161\" {\"password\":\"[REDACTED]\",\"email\":\"teacher1@test.com\"}","timestamp":"2025-03-29T07:18:17.690Z"}
{"level":"info","message":"::1 - - [29/Mar/2025:07:18:17 +0000] \"POST /api/quizzes HTTP/1.1\" 201 148 \"-\" \"Mozilla/5.0 (Windows NT; Windows NT 10.0; en-IN) WindowsPowerShell/5.1.26100.2161\" {\"timeLimit\":10,\"description\":\"A quick test quiz\",\"scheduledFor\":\"2025-03-29T07:25:00.000Z\",\"questions\":[{\"text\":\"What is the capital of Japan?\",\"options\":[{\"text\":\"Beijing\",\"isCorrect\":false},{\"text\":\"Tokyo\",\"isCorrect\":true},{\"text\":\"Seoul\",\"isCorrect\":false}]},{\"text\":\"What is 5 x 5?\",\"options\":[{\"text\":\"20\",\"isCorrect\":false},{\"text\":\"25\",\"isCorrect\":true},{\"text\":\"30\",\"isCorrect\":false}]}],\"classIds\":[\"67e79ba97a9f5040519fe84a\"],\"title\":\"Quick Test Quiz\"}","timestamp":"2025-03-29T07:18:17.718Z"}
{"level":"info","message":"::1 - - [29/Mar/2025:07:18:31 +0000] \"POST /api/auth/login HTTP/1.1\" 200 534 \"-\" \"Mozilla/5.0 (Windows NT; Windows NT 10.0; en-IN) WindowsPowerShell/5.1.26100.2161\" {\"password\":\"[REDACTED]\",\"email\":\"student7@test.com\"}","timestamp":"2025-03-29T07:18:31.364Z"}
{"level":"info","message":"::1 - - [29/Mar/2025:07:18:31 +0000] \"GET /api/quizzes/student HTTP/1.1\" 200 822 \"-\" \"Mozilla/5.0 (Windows NT; Windows NT 10.0; en-IN) WindowsPowerShell/5.1.26100.2161\" {}","timestamp":"2025-03-29T07:18:31.373Z"}
{"level":"info","message":"::1 - - [29/Mar/2025:07:18:42 +0000] \"POST /api/auth/login HTTP/1.1\" 200 534 \"-\" \"Mozilla/5.0 (Windows NT; Windows NT 10.0; en-IN) WindowsPowerShell/5.1.26100.2161\" {\"password\":\"[REDACTED]\",\"email\":\"student7@test.com\"}","timestamp":"2025-03-29T07:18:42.279Z"}
{"level":"info","message":"::1 - - [29/Mar/2025:07:18:42 +0000] \"GET /api/quizzes/67e79eb9d6155a2a7d20f69e HTTP/1.1\" 200 255 \"-\" \"Mozilla/5.0 (Windows NT; Windows NT 10.0; en-IN) WindowsPowerShell/5.1.26100.2161\" {}","timestamp":"2025-03-29T07:18:42.287Z"}
{"level":"info","message":"::1 - - [29/Mar/2025:07:18:56 +0000] \"POST /api/auth/login HTTP/1.1\" 200 534 \"-\" \"Mozilla/5.0 (Windows NT; Windows NT 10.0; en-IN) WindowsPowerShell/5.1.26100.2161\" {\"password\":\"[REDACTED]\",\"email\":\"student7@test.com\"}","timestamp":"2025-03-29T07:18:56.111Z"}
{"level":"info","message":"::1 - - [29/Mar/2025:07:18:56 +0000] \"POST /api/quizzes/67e79eb9d6155a2a7d20f69e/submit HTTP/1.1\" 400 38 \"-\" \"Mozilla/5.0 (Windows NT; Windows NT 10.0; en-IN) WindowsPowerShell/5.1.26100.2161\" {\"answers\":[{\"selectedOptions\":\"1\"},{\"selectedOptions\":\"1\"}]}","timestamp":"2025-03-29T07:18:56.119Z"}
{"level":"info","message":"::1 - - [29/Mar/2025:07:19:50 +0000] \"POST /api/auth/login HTTP/1.1\" 200 534 \"-\" \"Mozilla/5.0 (Windows NT; Windows NT 10.0; en-IN) WindowsPowerShell/5.1.26100.2161\" {\"password\":\"[REDACTED]\",\"email\":\"student7@test.com\"}","timestamp":"2025-03-29T07:19:50.287Z"}
{"level":"info","message":"::1 - - [29/Mar/2025:07:19:50 +0000] \"GET /api/quizzes/67e79eb9d6155a2a7d20f69e HTTP/1.1\" 200 255 \"-\" \"Mozilla/5.0 (Windows NT; Windows NT 10.0; en-IN) WindowsPowerShell/5.1.26100.2161\" {}","timestamp":"2025-03-29T07:19:50.296Z"}
{"level":"info","message":"::1 - - [29/Mar/2025:07:23:10 +0000] \"POST /api/auth/login HTTP/1.1\" 200 534 \"-\" \"Mozilla/5.0 (Windows NT; Windows NT 10.0; en-IN) WindowsPowerShell/5.1.26100.2161\" {\"password\":\"[REDACTED]\",\"email\":\"student7@test.com\"}","timestamp":"2025-03-29T07:23:10.099Z"}
{"level":"info","message":"::1 - - [29/Mar/2025:07:23:10 +0000] \"POST /api/quizzes/67e79eb9d6155a2a7d20f69e/submit HTTP/1.1\" 400 38 \"-\" \"Mozilla/5.0 (Windows NT; Windows NT 10.0; en-IN) WindowsPowerShell/5.1.26100.2161\" {\"answers\":[{\"selectedOptions\":\"1\"},{\"selectedOptions\":\"1\"}]}","timestamp":"2025-03-29T07:23:10.106Z"}
{"level":"info","message":"::1 - - [29/Mar/2025:07:23:18 +0000] \"POST /api/auth/login HTTP/1.1\" 200 534 \"-\" \"Mozilla/5.0 (Windows NT; Windows NT 10.0; en-IN) WindowsPowerShell/5.1.26100.2161\" {\"password\":\"[REDACTED]\",\"email\":\"student7@test.com\"}","timestamp":"2025-03-29T07:23:18.120Z"}
{"level":"info","message":"::1 - - [29/Mar/2025:07:23:18 +0000] \"GET /api/quizzes/67e79eb9d6155a2a7d20f69e HTTP/1.1\" 200 255 \"-\" \"Mozilla/5.0 (Windows NT; Windows NT 10.0; en-IN) WindowsPowerShell/5.1.26100.2161\" {}","timestamp":"2025-03-29T07:23:18.127Z"}
{"level":"info","message":"Server is running on port 5000","timestamp":"2025-03-29T07:23:39.299Z"}
{"level":"info","message":"MongoDB Connected: localhost","timestamp":"2025-03-29T07:23:39.315Z"}
{"level":"info","message":"Server is running on port 5000","timestamp":"2025-03-29T07:24:05.152Z"}
{"level":"info","message":"MongoDB Connected: localhost","timestamp":"2025-03-29T07:24:05.166Z"}
{"level":"info","message":"::1 - - [29/Mar/2025:07:24:14 +0000] \"POST /api/auth/login HTTP/1.1\" 200 534 \"-\" \"Mozilla/5.0 (Windows NT; Windows NT 10.0; en-IN) WindowsPowerShell/5.1.26100.2161\" {\"password\":\"[REDACTED]\",\"email\":\"student7@test.com\"}","timestamp":"2025-03-29T07:24:14.672Z"}
{"level":"info","message":"::1 - - [29/Mar/2025:07:24:14 +0000] \"POST /api/quizzes/67e79eb9d6155a2a7d20f69e/submit HTTP/1.1\" 400 38 \"-\" \"Mozilla/5.0 (Windows NT; Windows NT 10.0; en-IN) WindowsPowerShell/5.1.26100.2161\" {\"answers\":[{\"selectedOptions\":\"1\"},{\"selectedOptions\":\"1\"}]}","timestamp":"2025-03-29T07:24:14.685Z"}
{"level":"info","message":"::1 - - [29/Mar/2025:07:24:22 +0000] \"POST /api/auth/login HTTP/1.1\" 200 534 \"-\" \"Mozilla/5.0 (Windows NT; Windows NT 10.0; en-IN) WindowsPowerShell/5.1.26100.2161\" {\"password\":\"[REDACTED]\",\"email\":\"student7@test.com\"}","timestamp":"2025-03-29T07:24:22.899Z"}
{"level":"info","message":"::1 - - [29/Mar/2025:07:24:22 +0000] \"GET /api/quizzes/67e79eb9d6155a2a7d20f69e HTTP/1.1\" 200 255 \"-\" \"Mozilla/5.0 (Windows NT; Windows NT 10.0; en-IN) WindowsPowerShell/5.1.26100.2161\" {}","timestamp":"2025-03-29T07:24:22.916Z"}
{"level":"info","message":"Server is running on port 5000","timestamp":"2025-03-29T07:25:15.403Z"}
{"level":"info","message":"MongoDB Connected: localhost","timestamp":"2025-03-29T07:25:15.416Z"}
{"level":"info","message":"Server is running on port 5000","timestamp":"2025-03-29T07:25:42.014Z"}
{"level":"info","message":"MongoDB Connected: localhost","timestamp":"2025-03-29T07:25:42.027Z"}
{"level":"info","message":"::1 - - [29/Mar/2025:07:26:41 +0000] \"POST /api/auth/login HTTP/1.1\" 200 534 \"-\" \"Mozilla/5.0 (Windows NT; Windows NT 10.0; en-IN) WindowsPowerShell/5.1.26100.2161\" {\"password\":\"[REDACTED]\",\"email\":\"student7@test.com\"}","timestamp":"2025-03-29T07:26:41.568Z"}
{"level":"error","message":"Submit quiz error: answer.selectedOptions.every is not a function","stack":"TypeError: answer.selectedOptions.every is not a function\n    at D:\\MINOR PROJECT\\Backend\\src\\controllers\\quiz.controller.js:299:48\n    at Array.map (<anonymous>)\n    at submitQuiz (D:\\MINOR PROJECT\\Backend\\src\\controllers\\quiz.controller.js:297:35)\n    at process.processTicksAndRejections (node:internal/process/task_queues:105:5)","timestamp":"2025-03-29T07:26:41.590Z"}
{"level":"info","message":"::1 - - [29/Mar/2025:07:26:41 +0000] \"POST /api/quizzes/67e79eb9d6155a2a7d20f69e/submit HTTP/1.1\" 500 35 \"-\" \"Mozilla/5.0 (Windows NT; Windows NT 10.0; en-IN) WindowsPowerShell/5.1.26100.2161\" {\"answers\":[{\"selectedOptions\":\"1\"},{\"selectedOptions\":\"1\"}]}","timestamp":"2025-03-29T07:26:41.592Z"}
{"level":"info","message":"Server is running on port 5000","timestamp":"2025-03-29T07:27:32.958Z"}
{"level":"info","message":"MongoDB Connected: localhost","timestamp":"2025-03-29T07:27:32.972Z"}
{"level":"info","message":"Server is running on port 5000","timestamp":"2025-03-29T07:28:51.100Z"}
{"level":"info","message":"MongoDB Connected: localhost","timestamp":"2025-03-29T07:28:51.113Z"}
{"level":"info","message":"Server is running on port 5000","timestamp":"2025-03-29T07:29:12.010Z"}
{"level":"info","message":"MongoDB Connected: localhost","timestamp":"2025-03-29T07:29:12.023Z"}
{"level":"info","message":"Server is running on port 5000","timestamp":"2025-03-29T07:54:18.324Z"}
{"level":"info","message":"MongoDB Connected: localhost","timestamp":"2025-03-29T07:54:18.340Z"}
{"level":"info","message":"Server is running on port 5000","timestamp":"2025-03-29T07:54:35.473Z"}
{"level":"info","message":"MongoDB Connected: localhost","timestamp":"2025-03-29T07:54:35.487Z"}
{"level":"info","message":"::1 - - [29/Mar/2025:07:54:53 +0000] \"POST /api/auth/login HTTP/1.1\" 401 33 \"-\" \"Mozilla/5.0 (Windows NT; Windows NT 10.0; en-IN) WindowsPowerShell/5.1.26100.2161\" {\"password\":\"[REDACTED]\",\"email\":\"teacher@test.com\"}","timestamp":"2025-03-29T07:54:53.699Z"}
{"level":"info","message":"::1 - - [29/Mar/2025:07:55:05 +0000] \"POST /api/auth/register HTTP/1.1\" 400 64 \"-\" \"Mozilla/5.0 (Windows NT; Windows NT 10.0; en-IN) WindowsPowerShell/5.1.26100.2161\" {\"email\":\"teacher@test.com\",\"name\":\"Test Teacher\",\"password\":\"[REDACTED]\",\"phone\":\"+919876543210\",\"role\":\"teacher\"}","timestamp":"2025-03-29T07:55:05.139Z"}
{"level":"info","message":"::1 - - [29/Mar/2025:07:55:29 +0000] \"POST /api/auth/register HTTP/1.1\" 400 64 \"-\" \"Mozilla/5.0 (Windows NT; Windows NT 10.0; en-IN) WindowsPowerShell/5.1.26100.2161\" {\"email\":\"teacher2@test.com\",\"name\":\"Test Teacher\",\"password\":\"[REDACTED]\",\"phone\":\"+919876543211\",\"role\":\"teacher\"}","timestamp":"2025-03-29T07:55:29.684Z"}
{"level":"info","message":"::1 - - [29/Mar/2025:07:55:42 +0000] \"POST /api/auth/login HTTP/1.1\" 401 33 \"-\" \"Mozilla/5.0 (Windows NT; Windows NT 10.0; en-IN) WindowsPowerShell/5.1.26100.2161\" {\"password\":\"[REDACTED]\",\"email\":\"teacher@example.com\"}","timestamp":"2025-03-29T07:55:42.311Z"}
{"level":"info","message":"::1 - - [29/Mar/2025:07:55:53 +0000] \"POST /api/auth/login HTTP/1.1\" 401 33 \"-\" \"Mozilla/5.0 (Windows NT; Windows NT 10.0; en-IN) WindowsPowerShell/5.1.26100.2161\" {\"password\":\"[REDACTED]\",\"email\":\"teacher2@test.com\"}","timestamp":"2025-03-29T07:55:53.955Z"}
{"level":"warn","message":"Route not found:","method":"GET","timestamp":"2025-03-29T07:56:04.574Z","url":"/api/users"}
{"level":"info","message":"::1 - - [29/Mar/2025:07:56:04 +0000] \"GET /api/users HTTP/1.1\" 404 29 \"-\" \"Mozilla/5.0 (Windows NT; Windows NT 10.0; en-IN) WindowsPowerShell/5.1.26100.2161\" {}","timestamp":"2025-03-29T07:56:04.576Z"}
{"level":"info","message":"::1 - - [29/Mar/2025:07:56:20 +0000] \"POST /api/auth/register HTTP/1.1\" 400 64 \"-\" \"Mozilla/5.0 (Windows NT; Windows NT 10.0; en-IN) WindowsPowerShell/5.1.26100.2161\" {\"email\":\"teacher3@test.com\",\"name\":\"Test Teacher\",\"password\":\"[REDACTED]\",\"phone\":\"+919876543212\",\"role\":\"teacher\"}","timestamp":"2025-03-29T07:56:20.654Z"}
{"level":"info","message":"::1 - - [29/Mar/2025:07:57:30 +0000] \"POST /api/auth/register HTTP/1.1\" 201 74 \"-\" \"Mozilla/5.0 (Windows NT; Windows NT 10.0; en-IN) WindowsPowerShell/5.1.26100.2161\" {\"email\":\"teacher@test.com\",\"name\":\"Test Teacher\",\"password\":\"[REDACTED]\",\"phone\":\"+919876543210\",\"role\":\"teacher\"}","timestamp":"2025-03-29T07:57:30.193Z"}
{"level":"info","message":"::1 - - [29/Mar/2025:07:58:05 +0000] \"POST /api/auth/register HTTP/1.1\" 201 74 \"-\" \"Mozilla/5.0 (Windows NT; Windows NT 10.0; en-IN) WindowsPowerShell/5.1.26100.2161\" {\"password\":\"[REDACTED]\",\"name\":\"Test Student\",\"department\":\"Computer Science\",\"phone\":\"+919876543211\",\"email\":\"student@test.com\",\"role\":\"student\",\"prn\":\"123456789012\"}","timestamp":"2025-03-29T07:58:05.673Z"}
{"level":"info","message":"::1 - - [29/Mar/2025:07:58:32 +0000] \"POST /api/auth/login HTTP/1.1\" 200 530 \"-\" \"Mozilla/5.0 (Windows NT; Windows NT 10.0; en-IN) WindowsPowerShell/5.1.26100.2161\" {\"password\":\"[REDACTED]\",\"email\":\"teacher@test.com\"}","timestamp":"2025-03-29T07:58:32.514Z"}
{"level":"warn","message":"Route not found:","method":"POST","timestamp":"2025-03-29T07:59:01.643Z","url":"/api/class"}
{"level":"info","message":"::1 - - [29/Mar/2025:07:59:01 +0000] \"POST /api/class HTTP/1.1\" 404 29 \"-\" \"Mozilla/5.0 (Windows NT; Windows NT 10.0; en-IN) WindowsPowerShell/5.1.26100.2161\" {\"enrollmentKey\":\"test123\",\"name\":\"Test Class\"}","timestamp":"2025-03-29T07:59:01.644Z"}
{"level":"info","message":"::1 - - [29/Mar/2025:07:59:49 +0000] \"POST /api/classes HTTP/1.1\" 401 38 \"-\" \"Mozilla/5.0 (Windows NT; Windows NT 10.0; en-IN) WindowsPowerShell/5.1.26100.2161\" {\"enrollmentKey\":\"test123\",\"name\":\"Test Class\"}","timestamp":"2025-03-29T07:59:49.883Z"}
{"level":"info","message":"::1 - - [29/Mar/2025:08:00:04 +0000] \"POST /api/auth/login HTTP/1.1\" 200 530 \"-\" \"Mozilla/5.0 (Windows NT; Windows NT 10.0; en-IN) WindowsPowerShell/5.1.26100.2161\" {\"password\":\"[REDACTED]\",\"email\":\"teacher@test.com\"}","timestamp":"2025-03-29T08:00:04.217Z"}
{"level":"info","message":"::1 - - [29/Mar/2025:08:00:17 +0000] \"POST /api/classes HTTP/1.1\" 401 38 \"-\" \"Mozilla/5.0 (Windows NT; Windows NT 10.0; en-IN) WindowsPowerShell/5.1.26100.2161\" {\"enrollmentKey\":\"test123\",\"name\":\"Test Class\"}","timestamp":"2025-03-29T08:00:17.469Z"}
{"level":"info","message":"::1 - - [29/Mar/2025:08:03:36 +0000] \"POST /api/auth/login HTTP/1.1\" 200 530 \"-\" \"Mozilla/5.0 (Windows NT; Windows NT 10.0; en-IN) WindowsPowerShell/5.1.26100.2161\" {\"password\":\"[REDACTED]\",\"email\":\"teacher@test.com\"}","timestamp":"2025-03-29T08:03:36.884Z"}
{"level":"info","message":"::1 - - [29/Mar/2025:08:03:53 +0000] \"POST /api/classes HTTP/1.1\" 401 38 \"-\" \"Mozilla/5.0 (Windows NT; Windows NT 10.0; en-IN) WindowsPowerShell/5.1.26100.2161\" {\"enrollmentKey\":\"test123\",\"name\":\"Test Class\"}","timestamp":"2025-03-29T08:03:53.342Z"}
{"level":"info","message":"::1 - - [29/Mar/2025:08:05:50 +0000] \"POST /api/auth/login HTTP/1.1\" 200 530 \"-\" \"Mozilla/5.0 (Windows NT; Windows NT 10.0; en-IN) WindowsPowerShell/5.1.26100.2161\" {\"password\":\"[REDACTED]\",\"email\":\"teacher@test.com\"}","timestamp":"2025-03-29T08:05:50.190Z"}
{"level":"info","message":"::1 - - [29/Mar/2025:08:06:01 +0000] \"POST /api/classes HTTP/1.1\" 201 128 \"-\" \"Mozilla/5.0 (Windows NT; Windows NT 10.0; en-IN) WindowsPowerShell/5.1.26100.2161\" {\"enrollmentKey\":\"test123\",\"name\":\"Test Class\"}","timestamp":"2025-03-29T08:06:01.424Z"}
{"level":"info","message":"::1 - - [29/Mar/2025:08:06:16 +0000] \"POST /api/quizzes HTTP/1.1\" 400 56 \"-\" \"Mozilla/5.0 (Windows NT; Windows NT 10.0; en-IN) WindowsPowerShell/5.1.26100.2161\" {\"classIds\":[\"67e7a9e95ecac9a7db62a17a\"],\"description\":\"Testing quiz time windows\",\"windowStart\":1743235876575,\"questions\":[{\"correctOption\":1,\"points\":1,\"question\":\"What is 2+2?\",\"options\":[\"3\",\"4\",\"5\",\"6\"]}],\"timeLimit\":10,\"windowEnd\":1743237676582,\"title\":\"Time Window Test Quiz\"}","timestamp":"2025-03-29T08:06:16.590Z"}
{"level":"info","message":"::1 - - [29/Mar/2025:08:06:34 +0000] \"POST /api/quizzes HTTP/1.1\" 400 56 \"-\" \"Mozilla/5.0 (Windows NT; Windows NT 10.0; en-IN) WindowsPowerShell/5.1.26100.2161\" {\"classIds\":[\"67e7a9e95ecac9a7db62a17a\"],\"description\":\"Testing quiz time windows\",\"windowStart\":1743235850000,\"questions\":[{\"correctOption\":1,\"points\":1,\"question\":\"What is 2+2?\",\"options\":[\"3\",\"4\",\"5\",\"6\"]}],\"timeLimit\":10,\"windowEnd\":1743237650000,\"title\":\"Time Window Test Quiz\"}","timestamp":"2025-03-29T08:06:34.826Z"}
{"level":"info","message":"::1 - - [29/Mar/2025:08:07:04 +0000] \"POST /api/quizzes HTTP/1.1\" 400 59 \"-\" \"Mozilla/5.0 (Windows NT; Windows NT 10.0; en-IN) WindowsPowerShell/5.1.26100.2161\" {\"classIds\":[\"67e7a9e95ecac9a7db62a17a\"],\"description\":\"Testing quiz time windows\",\"windowStart\":1743235850000,\"questions\":[{\"text\":\"What is 2+2?\",\"options\":[{\"text\":\"3\",\"isCorrect\":false},{\"text\":\"4\",\"isCorrect\":true},{\"text\":\"5\",\"isCorrect\":false},{\"text\":\"6\",\"isCorrect\":false}]}],\"timeLimit\":10,\"windowEnd\":1743237650000,\"title\":\"Time Window Test Quiz\"}","timestamp":"2025-03-29T08:07:04.682Z"}
{"level":"info","message":"::1 - - [29/Mar/2025:08:07:45 +0000] \"POST /api/quizzes HTTP/1.1\" 201 75 \"-\" \"Mozilla/5.0 (Windows NT; Windows NT 10.0; en-IN) WindowsPowerShell/5.1.26100.2161\" {\"classIds\":[\"67e7a9e95ecac9a7db62a17a\"],\"description\":\"Testing quiz time windows\",\"windowStart\":\"2025-03-29T13:42:45.3325130+05:30\",\"questions\":[{\"text\":\"What is 2+2?\",\"options\":[{\"text\":\"3\",\"isCorrect\":false},{\"text\":\"4\",\"isCorrect\":true},{\"text\":\"5\",\"isCorrect\":false},{\"text\":\"6\",\"isCorrect\":false}]}],\"timeLimit\":10,\"windowEnd\":\"2025-03-29T14:12:45.3342772+05:30\",\"title\":\"Time Window Test Quiz\"}","timestamp":"2025-03-29T08:07:45.349Z"}
{"level":"info","message":"::1 - - [29/Mar/2025:08:08:05 +0000] \"POST /api/quizzes HTTP/1.1\" 201 75 \"-\" \"Mozilla/5.0 (Windows NT; Windows NT 10.0; en-IN) WindowsPowerShell/5.1.26100.2161\" {\"classIds\":[\"67e7a9e95ecac9a7db62a17a\"],\"description\":\"Testing quiz time windows\",\"windowStart\":\"2025-03-29T13:40:00+05:30\",\"questions\":[{\"text\":\"What is 2+2?\",\"options\":[{\"text\":\"3\",\"isCorrect\":false},{\"text\":\"4\",\"isCorrect\":true},{\"text\":\"5\",\"isCorrect\":false},{\"text\":\"6\",\"isCorrect\":false}]}],\"timeLimit\":10,\"windowEnd\":\"2025-03-29T14:10:00+05:30\",\"title\":\"Time Window Test Quiz\"}","timestamp":"2025-03-29T08:08:05.721Z"}
{"level":"info","message":"::1 - - [29/Mar/2025:08:09:12 +0000] \"POST /api/auth/login HTTP/1.1\" 200 530 \"-\" \"Mozilla/5.0 (Windows NT; Windows NT 10.0; en-IN) WindowsPowerShell/5.1.26100.2161\" {\"password\":\"[REDACTED]\",\"email\":\"teacher@test.com\"}","timestamp":"2025-03-29T08:09:12.821Z"}
{"level":"info","message":"::1 - - [29/Mar/2025:08:09:35 +0000] \"POST /api/quizzes HTTP/1.1\" 201 75 \"-\" \"Mozilla/5.0 (Windows NT; Windows NT 10.0; en-IN) WindowsPowerShell/5.1.26100.2161\" {\"classIds\":[\"67e7a9e95ecac9a7db62a17a\"],\"description\":\"Testing quiz time windows\",\"windowStart\":\"2025-03-29T13:45:00+05:30\",\"questions\":[{\"text\":\"What is 2+2?\",\"options\":[{\"text\":\"3\",\"isCorrect\":false},{\"text\":\"4\",\"isCorrect\":true},{\"text\":\"5\",\"isCorrect\":false},{\"text\":\"6\",\"isCorrect\":false}]}],\"timeLimit\":10,\"windowEnd\":\"2025-03-29T14:15:00+05:30\",\"title\":\"Time Window Test Quiz\"}","timestamp":"2025-03-29T08:09:35.294Z"}
{"level":"info","message":"Server is running on port 5000","timestamp":"2025-03-29T08:10:04.209Z"}
{"level":"info","message":"MongoDB Connected: localhost","timestamp":"2025-03-29T08:10:04.225Z"}
{"level":"info","message":"::1 - - [29/Mar/2025:08:10:17 +0000] \"POST /api/auth/login HTTP/1.1\" 200 530 \"-\" \"Mozilla/5.0 (Windows NT; Windows NT 10.0; en-IN) WindowsPowerShell/5.1.26100.2161\" {\"password\":\"[REDACTED]\",\"email\":\"teacher@test.com\"}","timestamp":"2025-03-29T08:10:17.199Z"}
{"level":"info","message":"::1 - - [29/Mar/2025:08:10:41 +0000] \"POST /api/quizzes HTTP/1.1\" 401 38 \"-\" \"Mozilla/5.0 (Windows NT; Windows NT 10.0; en-IN) WindowsPowerShell/5.1.26100.2161\" {\"classIds\":[\"67e7a9e95ecac9a7db62a17a\"],\"description\":\"Testing quiz time windows\",\"windowStart\":\"2025-03-29T13:45:00+05:30\",\"questions\":[{\"text\":\"What is 2+2?\",\"options\":[{\"text\":\"3\",\"isCorrect\":false},{\"text\":\"4\",\"isCorrect\":true},{\"text\":\"5\",\"isCorrect\":false},{\"text\":\"6\",\"isCorrect\":false}]}],\"timeLimit\":10,\"windowEnd\":\"2025-03-29T14:15:00+05:30\",\"title\":\"Time Window Test Quiz\"}","timestamp":"2025-03-29T08:10:41.535Z"}
{"level":"info","message":"::1 - - [29/Mar/2025:08:11:36 +0000] \"POST /api/classes HTTP/1.1\" 401 38 \"-\" \"Mozilla/5.0 (Windows NT; Windows NT 10.0; en-IN) WindowsPowerShell/5.1.26100.2161\" {\"enrollmentKey\":\"test123\",\"name\":\"Test Class\"}","timestamp":"2025-03-29T08:11:36.627Z"}
{"level":"info","message":"::1 - - [29/Mar/2025:08:11:47 +0000] \"POST /api/auth/login HTTP/1.1\" 200 530 \"-\" \"Mozilla/5.0 (Windows NT; Windows NT 10.0; en-IN) WindowsPowerShell/5.1.26100.2161\" {\"password\":\"[REDACTED]\",\"email\":\"teacher@test.com\"}","timestamp":"2025-03-29T08:11:47.822Z"}
{"level":"info","message":"Server is running on port 5000","timestamp":"2025-03-29T08:15:47.236Z"}
{"level":"info","message":"MongoDB Connected: bdsm-shard-00-00.djl11.mongodb.net","timestamp":"2025-03-29T08:15:47.509Z"}
{"level":"info","message":"::1 - - [29/Mar/2025:08:17:02 +0000] \"POST /api/auth/register HTTP/1.1\" 201 74 \"-\" \"Mozilla/5.0 (Windows NT; Windows NT 10.0; en-IN) WindowsPowerShell/5.1.26100.2161\" {\"email\":\"teacher@test.com\",\"name\":\"Test Teacher\",\"password\":\"[REDACTED]\",\"phone\":\"+919876543210\",\"role\":\"teacher\"}","timestamp":"2025-03-29T08:17:02.288Z"}
{"level":"info","message":"::1 - - [29/Mar/2025:08:17:11 +0000] \"POST /api/auth/register HTTP/1.1\" 201 74 \"-\" \"Mozilla/5.0 (Windows NT; Windows NT 10.0; en-IN) WindowsPowerShell/5.1.26100.2161\" {\"password\":\"[REDACTED]\",\"name\":\"Test Student\",\"department\":\"Computer Science\",\"phone\":\"+919876543211\",\"email\":\"student@test.com\",\"role\":\"student\",\"prn\":\"123456789012\"}","timestamp":"2025-03-29T08:17:11.408Z"}
{"level":"info","message":"::1 - - [29/Mar/2025:08:17:31 +0000] \"POST /api/auth/login HTTP/1.1\" 200 530 \"-\" \"Mozilla/5.0 (Windows NT; Windows NT 10.0; en-IN) WindowsPowerShell/5.1.26100.2161\" {\"password\":\"[REDACTED]\",\"email\":\"teacher@test.com\"}","timestamp":"2025-03-29T08:17:31.357Z"}
{"level":"info","message":"::1 - - [29/Mar/2025:08:17:40 +0000] \"POST /api/classes HTTP/1.1\" 401 38 \"-\" \"Mozilla/5.0 (Windows NT; Windows NT 10.0; en-IN) WindowsPowerShell/5.1.26100.2161\" {\"enrollmentKey\":\"test123\",\"name\":\"Test Class\"}","timestamp":"2025-03-29T08:17:40.751Z"}
{"level":"info","message":"::1 - - [29/Mar/2025:08:17:49 +0000] \"POST /api/auth/login HTTP/1.1\" 200 530 \"-\" \"Mozilla/5.0 (Windows NT; Windows NT 10.0; en-IN) WindowsPowerShell/5.1.26100.2161\" {\"password\":\"[REDACTED]\",\"email\":\"teacher@test.com\"}","timestamp":"2025-03-29T08:17:49.357Z"}
{"level":"info","message":"::1 - - [29/Mar/2025:08:17:58 +0000] \"POST /api/classes HTTP/1.1\" 401 38 \"-\" \"Mozilla/5.0 (Windows NT; Windows NT 10.0; en-IN) WindowsPowerShell/5.1.26100.2161\" {\"enrollmentKey\":\"test123\",\"name\":\"Test Class\"}","timestamp":"2025-03-29T08:17:58.646Z"}
{"level":"info","message":"Server is running on port 5000","timestamp":"2025-03-29T08:18:21.156Z"}
{"level":"info","message":"MongoDB Connected: bdsm-shard-00-00.djl11.mongodb.net","timestamp":"2025-03-29T08:18:21.547Z"}
{"level":"info","message":"::1 - - [29/Mar/2025:08:18:39 +0000] \"POST /api/auth/login HTTP/1.1\" 200 530 \"-\" \"Mozilla/5.0 (Windows NT; Windows NT 10.0; en-IN) WindowsPowerShell/5.1.26100.2161\" {\"password\":\"[REDACTED]\",\"email\":\"teacher@test.com\"}","timestamp":"2025-03-29T08:18:39.185Z"}
{"level":"info","message":"::1 - - [29/Mar/2025:08:18:48 +0000] \"POST /api/classes HTTP/1.1\" 401 38 \"-\" \"Mozilla/5.0 (Windows NT; Windows NT 10.0; en-IN) WindowsPowerShell/5.1.26100.2161\" {\"enrollmentKey\":\"test123\",\"name\":\"Test Class\"}","timestamp":"2025-03-29T08:18:48.150Z"}
{"body":{},"error":"Expected property name or '}' in JSON at position 1 (line 1 column 2)","level":"error","message":"Unhandled error:","method":"POST","stack":"SyntaxError: Expected property name or '}' in JSON at position 1 (line 1 column 2)\n    at JSON.parse (<anonymous>)\n    at parse (D:\\MINOR PROJECT\\Backend\\node_modules\\body-parser\\lib\\types\\json.js:92:19)\n    at D:\\MINOR PROJECT\\Backend\\node_modules\\body-parser\\lib\\read.js:128:18\n    at AsyncResource.runInAsyncScope (node:async_hooks:211:14)\n    at invokeCallback (D:\\MINOR PROJECT\\Backend\\node_modules\\raw-body\\index.js:238:16)\n    at done (D:\\MINOR PROJECT\\Backend\\node_modules\\raw-body\\index.js:227:7)\n    at IncomingMessage.onEnd (D:\\MINOR PROJECT\\Backend\\node_modules\\raw-body\\index.js:287:7)\n    at IncomingMessage.emit (node:events:518:28)\n    at endReadableNT (node:internal/streams/readable:1698:12)\n    at process.processTicksAndRejections (node:internal/process/task_queues:90:21)","timestamp":"2025-03-29T08:20:03.543Z","url":"/api/auth/login"}
{"level":"info","message":"::1 - - [29/Mar/2025:08:20:14 +0000] \"POST /api/auth/login HTTP/1.1\" 200 530 \"-\" \"Mozilla/5.0 (Windows NT; Windows NT 10.0; en-IN) WindowsPowerShell/5.1.26100.2161\" {\"password\":\"[REDACTED]\",\"email\":\"teacher@test.com\"}","timestamp":"2025-03-29T08:20:14.766Z"}
{"level":"info","message":"::1 - - [29/Mar/2025:08:20:14 +0000] \"POST /api/classes HTTP/1.1\" 201 128 \"-\" \"Mozilla/5.0 (Windows NT; Windows NT 10.0; en-IN) WindowsPowerShell/5.1.26100.2161\" {\"enrollmentKey\":\"test123\",\"name\":\"Test Class\"}","timestamp":"2025-03-29T08:20:14.830Z"}
{"level":"info","message":"::1 - - [29/Mar/2025:08:20:37 +0000] \"POST /api/quizzes HTTP/1.1\" 401 38 \"-\" \"Mozilla/5.0 (Windows NT; Windows NT 10.0; en-IN) WindowsPowerShell/5.1.26100.2161\" {\"classIds\":[\"67e7ad3e9ff7732f9deba84a\"],\"description\":\"Testing quiz time window functionality\",\"windowStart\":\"2025-03-29T13:55:37.7206487+05:30\",\"questions\":[{\"text\":\"What is 2 + 2?\",\"options\":[{\"text\":\"3\",\"isCorrect\":false},{\"text\":\"4\",\"isCorrect\":true},{\"text\":\"5\",\"isCorrect\":false},{\"text\":\"6\",\"isCorrect\":false}]}],\"timeLimit\":30,\"windowEnd\":\"2025-03-29T14:50:37.7241470+05:30\",\"title\":\"Time Window Test Quiz\"}","timestamp":"2025-03-29T08:20:37.728Z"}
{"level":"info","message":"::1 - - [29/Mar/2025:08:20:57 +0000] \"POST /api/auth/login HTTP/1.1\" 200 530 \"-\" \"Mozilla/5.0 (Windows NT; Windows NT 10.0; en-IN) WindowsPowerShell/5.1.26100.2161\" {\"password\":\"[REDACTED]\",\"email\":\"teacher@test.com\"}","timestamp":"2025-03-29T08:20:57.879Z"}
{"level":"info","message":"::1 - - [29/Mar/2025:08:20:57 +0000] \"POST /api/quizzes HTTP/1.1\" 201 75 \"-\" \"Mozilla/5.0 (Windows NT; Windows NT 10.0; en-IN) WindowsPowerShell/5.1.26100.2161\" {\"classIds\":[\"67e7ad3e9ff7732f9deba84a\"],\"description\":\"Testing quiz time window functionality\",\"windowStart\":\"2025-03-29T08:25:57.8802585Z\",\"questions\":[{\"text\":\"What is 2 + 2?\",\"options\":[{\"text\":\"3\",\"isCorrect\":false},{\"text\":\"4\",\"isCorrect\":true}]}],\"timeLimit\":30,\"windowEnd\":\"2025-03-29T09:20:57.8832605Z\",\"title\":\"Time Window Test Quiz\"}","timestamp":"2025-03-29T08:20:57.944Z"}
{"level":"info","message":"::1 - - [29/Mar/2025:08:21:42 +0000] \"POST /api/auth/login HTTP/1.1\" 200 530 \"-\" \"Mozilla/5.0 (Windows NT; Windows NT 10.0; en-IN) WindowsPowerShell/5.1.26100.2161\" {\"password\":\"[REDACTED]\",\"email\":\"teacher@test.com\"}","timestamp":"2025-03-29T08:21:42.800Z"}
{"level":"info","message":"::1 - - [29/Mar/2025:08:21:42 +0000] \"POST /api/quizzes HTTP/1.1\" 201 75 \"-\" \"Mozilla/5.0 (Windows NT; Windows NT 10.0; en-IN) WindowsPowerShell/5.1.26100.2161\" {\"classIds\":[\"67e7ad3e9ff7732f9deba84a\"],\"description\":\"Testing quiz time window functionality\",\"windowStart\":\"2025-03-29T08:30:00Z\",\"questions\":[{\"text\":\"What is 2 + 2?\",\"options\":[{\"text\":\"3\",\"isCorrect\":false},{\"text\":\"4\",\"isCorrect\":true}]}],\"timeLimit\":30,\"windowEnd\":\"2025-03-29T09:30:00Z\",\"title\":\"Time Window Test Quiz\"}","timestamp":"2025-03-29T08:21:42.927Z"}
{"level":"info","message":"::1 - - [29/Mar/2025:08:22:25 +0000] \"POST /api/auth/register HTTP/1.1\" 400 64 \"-\" \"Mozilla/5.0 (Windows NT; Windows NT 10.0; en-IN) WindowsPowerShell/5.1.26100.2161\" {\"password\":\"[REDACTED]\",\"name\":\"Test Student\",\"department\":\"Computer Science\",\"phone\":\"+919876543211\",\"email\":\"student@test.com\",\"role\":\"student\",\"prn\":\"123456789012\"}","timestamp":"2025-03-29T08:22:25.471Z"}
{"level":"info","message":"::1 - - [29/Mar/2025:08:22:35 +0000] \"POST /api/auth/login HTTP/1.1\" 200 530 \"-\" \"Mozilla/5.0 (Windows NT; Windows NT 10.0; en-IN) WindowsPowerShell/5.1.26100.2161\" {\"password\":\"[REDACTED]\",\"email\":\"student@test.com\"}","timestamp":"2025-03-29T08:22:35.685Z"}
{"level":"warn","message":"Route not found:","method":"POST","timestamp":"2025-03-29T08:22:47.783Z","url":"/api/classes/67e7ad3e9ff7732f9deba84a/enroll"}
{"level":"info","message":"::1 - - [29/Mar/2025:08:22:47 +0000] \"POST /api/classes/67e7ad3e9ff7732f9deba84a/enroll HTTP/1.1\" 404 29 \"-\" \"Mozilla/5.0 (Windows NT; Windows NT 10.0; en-IN) WindowsPowerShell/5.1.26100.2161\" {\"enrollmentKey\":\"test123\"}","timestamp":"2025-03-29T08:22:47.784Z"}
{"level":"info","message":"::1 - - [29/Mar/2025:08:23:15 +0000] \"POST /api/classes/join HTTP/1.1\" 401 38 \"-\" \"Mozilla/5.0 (Windows NT; Windows NT 10.0; en-IN) WindowsPowerShell/5.1.26100.2161\" {\"enrollmentKey\":\"test123\"}","timestamp":"2025-03-29T08:23:15.511Z"}
{"level":"info","message":"::1 - - [29/Mar/2025:08:23:45 +0000] \"POST /api/auth/login HTTP/1.1\" 200 530 \"-\" \"Mozilla/5.0 (Windows NT; Windows NT 10.0; en-IN) WindowsPowerShell/5.1.26100.2161\" {\"password\":\"[REDACTED]\",\"email\":\"student@test.com\"}","timestamp":"2025-03-29T08:23:45.421Z"}
{"level":"info","message":"::1 - - [29/Mar/2025:08:23:45 +0000] \"POST /api/classes/join HTTP/1.1\" 500 34 \"-\" \"Mozilla/5.0 (Windows NT; Windows NT 10.0; en-IN) WindowsPowerShell/5.1.26100.2161\" {\"enrollmentKey\":\"test123\"}","timestamp":"2025-03-29T08:23:45.464Z"}
{"level":"info","message":"::1 - - [29/Mar/2025:08:24:39 +0000] \"POST /api/auth/login HTTP/1.1\" 200 530 \"-\" \"Mozilla/5.0 (Windows NT; Windows NT 10.0; en-IN) WindowsPowerShell/5.1.26100.2161\" {\"password\":\"[REDACTED]\",\"email\":\"student@test.com\"}","timestamp":"2025-03-29T08:24:39.203Z"}
{"level":"info","message":"::1 - - [29/Mar/2025:08:24:39 +0000] \"POST /api/classes/join HTTP/1.1\" 500 34 \"-\" \"Mozilla/5.0 (Windows NT; Windows NT 10.0; en-IN) WindowsPowerShell/5.1.26100.2161\" {\"enrollmentKey\":\"test123\"}","timestamp":"2025-03-29T08:24:39.228Z"}
{"level":"info","message":"Server is running on port 5000","timestamp":"2025-03-29T08:25:54.038Z"}
{"level":"info","message":"MongoDB Connected: bdsm-shard-00-02.djl11.mongodb.net","timestamp":"2025-03-29T08:25:54.378Z"}
{"level":"info","message":"::1 - - [29/Mar/2025:08:26:08 +0000] \"POST /api/auth/login HTTP/1.1\" 200 530 \"-\" \"Mozilla/5.0 (Windows NT; Windows NT 10.0; en-IN) WindowsPowerShell/5.1.26100.2161\" {\"password\":\"[REDACTED]\",\"email\":\"student@test.com\"}","timestamp":"2025-03-29T08:26:08.224Z"}
{"level":"info","message":"::1 - - [29/Mar/2025:08:26:08 +0000] \"POST /api/classes/join HTTP/1.1\" 500 34 \"-\" \"Mozilla/5.0 (Windows NT; Windows NT 10.0; en-IN) WindowsPowerShell/5.1.26100.2161\" {\"enrollmentKey\":\"test123\"}","timestamp":"2025-03-29T08:26:08.252Z"}
{"level":"info","message":"Server is running on port 5000","timestamp":"2025-03-29T08:26:47.938Z"}
{"level":"info","message":"MongoDB Connected: bdsm-shard-00-00.djl11.mongodb.net","timestamp":"2025-03-29T08:26:48.196Z"}
{"level":"info","message":"Server is running on port 5000","timestamp":"2025-03-29T08:27:10.507Z"}
{"level":"info","message":"MongoDB Connected: bdsm-shard-00-01.djl11.mongodb.net","timestamp":"2025-03-29T08:27:10.975Z"}
{"level":"info","message":"::1 - - [29/Mar/2025:08:27:20 +0000] \"POST /api/auth/login HTTP/1.1\" 200 530 \"-\" \"Mozilla/5.0 (Windows NT; Windows NT 10.0; en-IN) WindowsPowerShell/5.1.26100.2161\" {\"password\":\"[REDACTED]\",\"email\":\"student@test.com\"}","timestamp":"2025-03-29T08:27:20.449Z"}
{"level":"info","message":"::1 - - [29/Mar/2025:08:27:20 +0000] \"POST /api/classes/join HTTP/1.1\" 200 105 \"-\" \"Mozilla/5.0 (Windows NT; Windows NT 10.0; en-IN) WindowsPowerShell/5.1.26100.2161\" {\"enrollmentKey\":\"test123\"}","timestamp":"2025-03-29T08:27:20.530Z"}
{"level":"info","message":"::1 - - [29/Mar/2025:08:27:38 +0000] \"GET /api/quizzes/67e7ad969ff7732f9deba857 HTTP/1.1\" 401 38 \"-\" \"Mozilla/5.0 (Windows NT; Windows NT 10.0; en-IN) WindowsPowerShell/5.1.26100.2161\" {}","timestamp":"2025-03-29T08:27:38.012Z"}
{"level":"info","message":"::1 - - [29/Mar/2025:08:27:46 +0000] \"POST /api/auth/login HTTP/1.1\" 200 530 \"-\" \"Mozilla/5.0 (Windows NT; Windows NT 10.0; en-IN) WindowsPowerShell/5.1.26100.2161\" {\"password\":\"[REDACTED]\",\"email\":\"student@test.com\"}","timestamp":"2025-03-29T08:27:46.452Z"}
{"level":"info","message":"::1 - - [29/Mar/2025:08:27:46 +0000] \"GET /api/quizzes/67e7ad969ff7732f9deba857 HTTP/1.1\" 200 320 \"-\" \"Mozilla/5.0 (Windows NT; Windows NT 10.0; en-IN) WindowsPowerShell/5.1.26100.2161\" {}","timestamp":"2025-03-29T08:27:46.519Z"}
{"level":"info","message":"::1 - - [29/Mar/2025:08:27:55 +0000] \"POST /api/quizzes/67e7ad969ff7732f9deba857/start HTTP/1.1\" 401 38 \"-\" \"Mozilla/5.0 (Windows NT; Windows NT 10.0; en-IN) WindowsPowerShell/5.1.26100.2161\" {}","timestamp":"2025-03-29T08:27:55.840Z"}
{"level":"info","message":"::1 - - [29/Mar/2025:08:28:07 +0000] \"POST /api/auth/login HTTP/1.1\" 200 530 \"-\" \"Mozilla/5.0 (Windows NT; Windows NT 10.0; en-IN) WindowsPowerShell/5.1.26100.2161\" {\"password\":\"[REDACTED]\",\"email\":\"student@test.com\"}","timestamp":"2025-03-29T08:28:07.753Z"}
{"level":"info","message":"::1 - - [29/Mar/2025:08:28:07 +0000] \"POST /api/quizzes/67e7ad969ff7732f9deba857/start HTTP/1.1\" 400 42 \"-\" \"Mozilla/5.0 (Windows NT; Windows NT 10.0; en-IN) WindowsPowerShell/5.1.26100.2161\" {}","timestamp":"2025-03-29T08:28:07.799Z"}
{"level":"warn","message":"MongoDB disconnected","timestamp":"2025-03-29T08:36:49.552Z"}
{"level":"info","message":"Server is running on port 5000","timestamp":"2025-03-29T08:39:18.923Z"}
{"level":"info","message":"MongoDB Connected: bdsm-shard-00-01.djl11.mongodb.net","timestamp":"2025-03-29T08:39:19.318Z"}
